2022-07-20 09:08:22.865 [main] INFO  com.example.serviceoss.OssApplication - Starting OssApplication on jj with PID 12188 (E:\Dev\Demo\guli_school\service\service_oss\target\classes started by NFFive in E:\Dev\Demo\guli_school)
2022-07-20 09:08:22.869 [main] INFO  com.example.serviceoss.OssApplication - The following profiles are active: dev
2022-07-20 09:08:23.364 [main] INFO  o.s.d.r.config.RepositoryConfigurationDelegate - Multiple Spring Data modules found, entering strict repository configuration mode!
2022-07-20 09:08:23.365 [main] INFO  o.s.d.r.config.RepositoryConfigurationDelegate - Bootstrapping Spring Data repositories in DEFAULT mode.
2022-07-20 09:08:23.381 [main] INFO  o.s.d.r.config.RepositoryConfigurationDelegate - Finished Spring Data repository scanning in 8ms. Found 0 repository interfaces.
2022-07-20 09:08:23.643 [main] INFO  o.s.boot.web.embedded.tomcat.TomcatWebServer - Tomcat initialized with port(s): 8002 (http)
2022-07-20 09:08:23.649 [main] INFO  org.apache.coyote.http11.Http11NioProtocol - Initializing ProtocolHandler ["http-nio-8002"]
2022-07-20 09:08:23.650 [main] INFO  org.apache.catalina.core.StandardService - Starting service [Tomcat]
2022-07-20 09:08:23.650 [main] INFO  org.apache.catalina.core.StandardEngine - Starting Servlet engine: [Apache Tomcat/9.0.27]
2022-07-20 09:08:23.713 [main] INFO  o.a.c.core.ContainerBase.[Tomcat].[localhost].[/] - Initializing Spring embedded WebApplicationContext
2022-07-20 09:08:23.713 [main] INFO  org.springframework.web.context.ContextLoader - Root WebApplicationContext: initialization completed in 798 ms
2022-07-20 09:08:23.915 [main] INFO  s.d.s.w.PropertySourcedRequestMappingHandlerMapping - Mapped URL path [/v2/api-docs] onto method [springfox.documentation.swagger2.web.Swagger2Controller#getDocumentation(String, HttpServletRequest)]
2022-07-20 09:08:24.006 [main] INFO  o.s.scheduling.concurrent.ThreadPoolTaskExecutor - Initializing ExecutorService 'applicationTaskExecutor'
2022-07-20 09:08:24.249 [main] INFO  s.d.s.web.plugins.DocumentationPluginsBootstrapper - Context refreshed
2022-07-20 09:08:24.259 [main] INFO  s.d.s.web.plugins.DocumentationPluginsBootstrapper - Found 1 custom documentation plugin(s)
2022-07-20 09:08:24.279 [main] INFO  s.d.spring.web.scanners.ApiListingReferenceScanner - Scanning for api listing references
2022-07-20 09:08:24.346 [main] INFO  org.apache.coyote.http11.Http11NioProtocol - Starting ProtocolHandler ["http-nio-8002"]
2022-07-20 09:08:24.361 [main] INFO  o.s.boot.web.embedded.tomcat.TomcatWebServer - Tomcat started on port(s): 8002 (http) with context path ''
2022-07-20 09:08:24.363 [main] INFO  com.example.serviceoss.OssApplication - Started OssApplication in 1.793 seconds (JVM running for 2.297)
2022-07-20 22:14:42.160 [SpringContextShutdownHook] INFO  o.s.scheduling.concurrent.ThreadPoolTaskExecutor - Shutting down ExecutorService 'applicationTaskExecutor'
