2022-07-17 00:23:16.848 [SpringContextShutdownHook] INFO  o.s.scheduling.concurrent.ThreadPoolTaskExecutor - Shutting down ExecutorService 'applicationTaskExecutor'
2022-07-17 00:23:20.271 [main] INFO  com.example.serviceoss.OssApplication - Starting OssApplication on jj with PID 17360 (E:\Dev\Demo\guli_school\service\service_oss\target\classes started by NFFive in E:\Dev\Demo\guli_school)
2022-07-17 00:23:20.274 [main] INFO  com.example.serviceoss.OssApplication - The following profiles are active: dev
2022-07-17 00:23:20.697 [main] INFO  o.s.d.r.config.RepositoryConfigurationDelegate - Multiple Spring Data modules found, entering strict repository configuration mode!
2022-07-17 00:23:20.698 [main] INFO  o.s.d.r.config.RepositoryConfigurationDelegate - Bootstrapping Spring Data repositories in DEFAULT mode.
2022-07-17 00:23:20.714 [main] INFO  o.s.d.r.config.RepositoryConfigurationDelegate - Finished Spring Data repository scanning in 8ms. Found 0 repository interfaces.
2022-07-17 00:23:20.949 [main] INFO  o.s.boot.web.embedded.tomcat.TomcatWebServer - Tomcat initialized with port(s): 8002 (http)
2022-07-17 00:23:20.954 [main] INFO  org.apache.coyote.http11.Http11NioProtocol - Initializing ProtocolHandler ["http-nio-8002"]
2022-07-17 00:23:20.955 [main] INFO  org.apache.catalina.core.StandardService - Starting service [Tomcat]
2022-07-17 00:23:20.955 [main] INFO  org.apache.catalina.core.StandardEngine - Starting Servlet engine: [Apache Tomcat/9.0.27]
2022-07-17 00:23:21.012 [main] INFO  o.a.c.core.ContainerBase.[Tomcat].[localhost].[/] - Initializing Spring embedded WebApplicationContext
2022-07-17 00:23:21.013 [main] INFO  org.springframework.web.context.ContextLoader - Root WebApplicationContext: initialization completed in 699 ms
2022-07-17 00:23:21.184 [main] INFO  s.d.s.w.PropertySourcedRequestMappingHandlerMapping - Mapped URL path [/v2/api-docs] onto method [springfox.documentation.swagger2.web.Swagger2Controller#getDocumentation(String, HttpServletRequest)]
2022-07-17 00:23:21.267 [main] INFO  o.s.scheduling.concurrent.ThreadPoolTaskExecutor - Initializing ExecutorService 'applicationTaskExecutor'
2022-07-17 00:23:21.484 [main] INFO  s.d.s.web.plugins.DocumentationPluginsBootstrapper - Context refreshed
2022-07-17 00:23:21.494 [main] INFO  s.d.s.web.plugins.DocumentationPluginsBootstrapper - Found 1 custom documentation plugin(s)
2022-07-17 00:23:21.510 [main] INFO  s.d.spring.web.scanners.ApiListingReferenceScanner - Scanning for api listing references
2022-07-17 00:23:21.571 [main] INFO  org.apache.coyote.http11.Http11NioProtocol - Starting ProtocolHandler ["http-nio-8002"]
2022-07-17 00:23:21.584 [main] INFO  o.s.boot.web.embedded.tomcat.TomcatWebServer - Tomcat started on port(s): 8002 (http) with context path ''
2022-07-17 00:23:21.585 [main] INFO  com.example.serviceoss.OssApplication - Started OssApplication in 1.567 seconds (JVM running for 2.016)
2022-07-17 00:23:34.862 [http-nio-8002-exec-1] INFO  o.a.c.core.ContainerBase.[Tomcat].[localhost].[/] - Initializing Spring DispatcherServlet 'dispatcherServlet'
2022-07-17 00:23:34.863 [http-nio-8002-exec-1] INFO  org.springframework.web.servlet.DispatcherServlet - Initializing Servlet 'dispatcherServlet'
2022-07-17 00:23:34.866 [http-nio-8002-exec-1] INFO  org.springframework.web.servlet.DispatcherServlet - Completed initialization in 3 ms
2022-07-17 00:24:33.193 [SpringContextShutdownHook] INFO  o.s.scheduling.concurrent.ThreadPoolTaskExecutor - Shutting down ExecutorService 'applicationTaskExecutor'
2022-07-17 00:24:36.537 [main] INFO  com.example.serviceoss.OssApplication - Starting OssApplication on jj with PID 17316 (E:\Dev\Demo\guli_school\service\service_oss\target\classes started by NFFive in E:\Dev\Demo\guli_school)
2022-07-17 00:24:36.539 [main] INFO  com.example.serviceoss.OssApplication - The following profiles are active: dev
2022-07-17 00:24:36.966 [main] INFO  o.s.d.r.config.RepositoryConfigurationDelegate - Multiple Spring Data modules found, entering strict repository configuration mode!
2022-07-17 00:24:36.967 [main] INFO  o.s.d.r.config.RepositoryConfigurationDelegate - Bootstrapping Spring Data repositories in DEFAULT mode.
2022-07-17 00:24:36.981 [main] INFO  o.s.d.r.config.RepositoryConfigurationDelegate - Finished Spring Data repository scanning in 7ms. Found 0 repository interfaces.
2022-07-17 00:24:37.218 [main] INFO  o.s.boot.web.embedded.tomcat.TomcatWebServer - Tomcat initialized with port(s): 8002 (http)
2022-07-17 00:24:37.223 [main] INFO  org.apache.coyote.http11.Http11NioProtocol - Initializing ProtocolHandler ["http-nio-8002"]
2022-07-17 00:24:37.224 [main] INFO  org.apache.catalina.core.StandardService - Starting service [Tomcat]
2022-07-17 00:24:37.224 [main] INFO  org.apache.catalina.core.StandardEngine - Starting Servlet engine: [Apache Tomcat/9.0.27]
2022-07-17 00:24:37.282 [main] INFO  o.a.c.core.ContainerBase.[Tomcat].[localhost].[/] - Initializing Spring embedded WebApplicationContext
2022-07-17 00:24:37.282 [main] INFO  org.springframework.web.context.ContextLoader - Root WebApplicationContext: initialization completed in 702 ms
2022-07-17 00:24:37.449 [main] INFO  s.d.s.w.PropertySourcedRequestMappingHandlerMapping - Mapped URL path [/v2/api-docs] onto method [springfox.documentation.swagger2.web.Swagger2Controller#getDocumentation(String, HttpServletRequest)]
2022-07-17 00:24:37.533 [main] INFO  o.s.scheduling.concurrent.ThreadPoolTaskExecutor - Initializing ExecutorService 'applicationTaskExecutor'
2022-07-17 00:24:37.753 [main] INFO  s.d.s.web.plugins.DocumentationPluginsBootstrapper - Context refreshed
2022-07-17 00:24:37.762 [main] INFO  s.d.s.web.plugins.DocumentationPluginsBootstrapper - Found 1 custom documentation plugin(s)
2022-07-17 00:24:37.779 [main] INFO  s.d.spring.web.scanners.ApiListingReferenceScanner - Scanning for api listing references
2022-07-17 00:24:37.839 [main] INFO  org.apache.coyote.http11.Http11NioProtocol - Starting ProtocolHandler ["http-nio-8002"]
2022-07-17 00:24:37.852 [main] INFO  o.s.boot.web.embedded.tomcat.TomcatWebServer - Tomcat started on port(s): 8002 (http) with context path ''
2022-07-17 00:24:37.853 [main] INFO  com.example.serviceoss.OssApplication - Started OssApplication in 1.569 seconds (JVM running for 2.098)
2022-07-17 00:24:44.828 [http-nio-8002-exec-1] INFO  o.a.c.core.ContainerBase.[Tomcat].[localhost].[/] - Initializing Spring DispatcherServlet 'dispatcherServlet'
2022-07-17 00:24:44.828 [http-nio-8002-exec-1] INFO  org.springframework.web.servlet.DispatcherServlet - Initializing Servlet 'dispatcherServlet'
2022-07-17 00:24:44.831 [http-nio-8002-exec-1] INFO  org.springframework.web.servlet.DispatcherServlet - Completed initialization in 3 ms
2022-07-17 00:25:24.749 [SpringContextShutdownHook] INFO  o.s.scheduling.concurrent.ThreadPoolTaskExecutor - Shutting down ExecutorService 'applicationTaskExecutor'
2022-07-17 00:25:28.049 [main] INFO  com.example.serviceoss.OssApplication - Starting OssApplication on jj with PID 5972 (E:\Dev\Demo\guli_school\service\service_oss\target\classes started by NFFive in E:\Dev\Demo\guli_school)
2022-07-17 00:25:28.051 [main] INFO  com.example.serviceoss.OssApplication - The following profiles are active: dev
2022-07-17 00:25:28.477 [main] INFO  o.s.d.r.config.RepositoryConfigurationDelegate - Multiple Spring Data modules found, entering strict repository configuration mode!
2022-07-17 00:25:28.478 [main] INFO  o.s.d.r.config.RepositoryConfigurationDelegate - Bootstrapping Spring Data repositories in DEFAULT mode.
2022-07-17 00:25:28.492 [main] INFO  o.s.d.r.config.RepositoryConfigurationDelegate - Finished Spring Data repository scanning in 7ms. Found 0 repository interfaces.
2022-07-17 00:25:28.735 [main] INFO  o.s.boot.web.embedded.tomcat.TomcatWebServer - Tomcat initialized with port(s): 8002 (http)
2022-07-17 00:25:28.740 [main] INFO  org.apache.coyote.http11.Http11NioProtocol - Initializing ProtocolHandler ["http-nio-8002"]
2022-07-17 00:25:28.740 [main] INFO  org.apache.catalina.core.StandardService - Starting service [Tomcat]
2022-07-17 00:25:28.740 [main] INFO  org.apache.catalina.core.StandardEngine - Starting Servlet engine: [Apache Tomcat/9.0.27]
2022-07-17 00:25:28.798 [main] INFO  o.a.c.core.ContainerBase.[Tomcat].[localhost].[/] - Initializing Spring embedded WebApplicationContext
2022-07-17 00:25:28.799 [main] INFO  org.springframework.web.context.ContextLoader - Root WebApplicationContext: initialization completed in 708 ms
2022-07-17 00:25:28.970 [main] INFO  s.d.s.w.PropertySourcedRequestMappingHandlerMapping - Mapped URL path [/v2/api-docs] onto method [springfox.documentation.swagger2.web.Swagger2Controller#getDocumentation(String, HttpServletRequest)]
2022-07-17 00:25:29.057 [main] INFO  o.s.scheduling.concurrent.ThreadPoolTaskExecutor - Initializing ExecutorService 'applicationTaskExecutor'
2022-07-17 00:25:29.281 [main] INFO  s.d.s.web.plugins.DocumentationPluginsBootstrapper - Context refreshed
2022-07-17 00:25:29.290 [main] INFO  s.d.s.web.plugins.DocumentationPluginsBootstrapper - Found 1 custom documentation plugin(s)
2022-07-17 00:25:29.307 [main] INFO  s.d.spring.web.scanners.ApiListingReferenceScanner - Scanning for api listing references
2022-07-17 00:25:29.369 [main] INFO  org.apache.coyote.http11.Http11NioProtocol - Starting ProtocolHandler ["http-nio-8002"]
2022-07-17 00:25:29.381 [main] INFO  o.s.boot.web.embedded.tomcat.TomcatWebServer - Tomcat started on port(s): 8002 (http) with context path ''
2022-07-17 00:25:29.383 [main] INFO  com.example.serviceoss.OssApplication - Started OssApplication in 1.621 seconds (JVM running for 2.113)
2022-07-17 00:25:49.617 [http-nio-8002-exec-1] INFO  o.a.c.core.ContainerBase.[Tomcat].[localhost].[/] - Initializing Spring DispatcherServlet 'dispatcherServlet'
2022-07-17 00:25:49.617 [http-nio-8002-exec-1] INFO  org.springframework.web.servlet.DispatcherServlet - Initializing Servlet 'dispatcherServlet'
2022-07-17 00:25:49.620 [http-nio-8002-exec-1] INFO  org.springframework.web.servlet.DispatcherServlet - Completed initialization in 3 ms
2022-07-17 00:30:15.176 [SpringContextShutdownHook] INFO  o.s.scheduling.concurrent.ThreadPoolTaskExecutor - Shutting down ExecutorService 'applicationTaskExecutor'
2022-07-17 00:30:18.697 [main] INFO  com.example.serviceoss.OssApplication - Starting OssApplication on jj with PID 13892 (E:\Dev\Demo\guli_school\service\service_oss\target\classes started by NFFive in E:\Dev\Demo\guli_school)
2022-07-17 00:30:18.700 [main] INFO  com.example.serviceoss.OssApplication - The following profiles are active: dev
2022-07-17 00:30:19.161 [main] INFO  o.s.d.r.config.RepositoryConfigurationDelegate - Multiple Spring Data modules found, entering strict repository configuration mode!
2022-07-17 00:30:19.163 [main] INFO  o.s.d.r.config.RepositoryConfigurationDelegate - Bootstrapping Spring Data repositories in DEFAULT mode.
2022-07-17 00:30:19.178 [main] INFO  o.s.d.r.config.RepositoryConfigurationDelegate - Finished Spring Data repository scanning in 7ms. Found 0 repository interfaces.
2022-07-17 00:30:19.417 [main] INFO  o.s.boot.web.embedded.tomcat.TomcatWebServer - Tomcat initialized with port(s): 8002 (http)
2022-07-17 00:30:19.423 [main] INFO  org.apache.coyote.http11.Http11NioProtocol - Initializing ProtocolHandler ["http-nio-8002"]
2022-07-17 00:30:19.423 [main] INFO  org.apache.catalina.core.StandardService - Starting service [Tomcat]
2022-07-17 00:30:19.423 [main] INFO  org.apache.catalina.core.StandardEngine - Starting Servlet engine: [Apache Tomcat/9.0.27]
2022-07-17 00:30:19.479 [main] INFO  o.a.c.core.ContainerBase.[Tomcat].[localhost].[/] - Initializing Spring embedded WebApplicationContext
2022-07-17 00:30:19.479 [main] INFO  org.springframework.web.context.ContextLoader - Root WebApplicationContext: initialization completed in 727 ms
2022-07-17 00:30:19.653 [main] INFO  s.d.s.w.PropertySourcedRequestMappingHandlerMapping - Mapped URL path [/v2/api-docs] onto method [springfox.documentation.swagger2.web.Swagger2Controller#getDocumentation(String, HttpServletRequest)]
2022-07-17 00:30:19.743 [main] INFO  o.s.scheduling.concurrent.ThreadPoolTaskExecutor - Initializing ExecutorService 'applicationTaskExecutor'
2022-07-17 00:30:19.972 [main] INFO  s.d.s.web.plugins.DocumentationPluginsBootstrapper - Context refreshed
2022-07-17 00:30:19.982 [main] INFO  s.d.s.web.plugins.DocumentationPluginsBootstrapper - Found 1 custom documentation plugin(s)
2022-07-17 00:30:19.999 [main] INFO  s.d.spring.web.scanners.ApiListingReferenceScanner - Scanning for api listing references
2022-07-17 00:30:20.062 [main] INFO  org.apache.coyote.http11.Http11NioProtocol - Starting ProtocolHandler ["http-nio-8002"]
2022-07-17 00:30:20.074 [main] INFO  o.s.boot.web.embedded.tomcat.TomcatWebServer - Tomcat started on port(s): 8002 (http) with context path ''
2022-07-17 00:30:20.075 [main] INFO  com.example.serviceoss.OssApplication - Started OssApplication in 1.659 seconds (JVM running for 2.104)
2022-07-17 00:30:33.871 [http-nio-8002-exec-1] INFO  o.a.c.core.ContainerBase.[Tomcat].[localhost].[/] - Initializing Spring DispatcherServlet 'dispatcherServlet'
2022-07-17 00:30:33.871 [http-nio-8002-exec-1] INFO  org.springframework.web.servlet.DispatcherServlet - Initializing Servlet 'dispatcherServlet'
2022-07-17 00:30:33.874 [http-nio-8002-exec-1] INFO  org.springframework.web.servlet.DispatcherServlet - Completed initialization in 3 ms
2022-07-17 00:57:21.298 [SpringContextShutdownHook] INFO  o.s.scheduling.concurrent.ThreadPoolTaskExecutor - Shutting down ExecutorService 'applicationTaskExecutor'
2022-07-17 00:57:23.406 [main] INFO  com.example.serviceoss.OssApplication - Starting OssApplication on jj with PID 17040 (E:\Dev\Demo\guli_school\service\service_oss\target\classes started by NFFive in E:\Dev\Demo\guli_school)
2022-07-17 00:57:23.409 [main] INFO  com.example.serviceoss.OssApplication - The following profiles are active: dev
2022-07-17 00:57:23.865 [main] INFO  o.s.d.r.config.RepositoryConfigurationDelegate - Multiple Spring Data modules found, entering strict repository configuration mode!
2022-07-17 00:57:23.866 [main] INFO  o.s.d.r.config.RepositoryConfigurationDelegate - Bootstrapping Spring Data repositories in DEFAULT mode.
2022-07-17 00:57:23.881 [main] INFO  o.s.d.r.config.RepositoryConfigurationDelegate - Finished Spring Data repository scanning in 7ms. Found 0 repository interfaces.
2022-07-17 00:57:24.104 [main] INFO  o.s.boot.web.embedded.tomcat.TomcatWebServer - Tomcat initialized with port(s): 8002 (http)
2022-07-17 00:57:24.109 [main] INFO  org.apache.coyote.http11.Http11NioProtocol - Initializing ProtocolHandler ["http-nio-8002"]
2022-07-17 00:57:24.109 [main] INFO  org.apache.catalina.core.StandardService - Starting service [Tomcat]
2022-07-17 00:57:24.109 [main] INFO  org.apache.catalina.core.StandardEngine - Starting Servlet engine: [Apache Tomcat/9.0.27]
2022-07-17 00:57:24.165 [main] INFO  o.a.c.core.ContainerBase.[Tomcat].[localhost].[/] - Initializing Spring embedded WebApplicationContext
2022-07-17 00:57:24.165 [main] INFO  org.springframework.web.context.ContextLoader - Root WebApplicationContext: initialization completed in 727 ms
2022-07-17 00:57:24.339 [main] INFO  s.d.s.w.PropertySourcedRequestMappingHandlerMapping - Mapped URL path [/v2/api-docs] onto method [springfox.documentation.swagger2.web.Swagger2Controller#getDocumentation(String, HttpServletRequest)]
2022-07-17 00:57:24.394 [main] INFO  o.s.scheduling.concurrent.ThreadPoolTaskExecutor - Initializing ExecutorService 'applicationTaskExecutor'
2022-07-17 00:57:24.633 [main] INFO  s.d.s.web.plugins.DocumentationPluginsBootstrapper - Context refreshed
2022-07-17 00:57:24.642 [main] INFO  s.d.s.web.plugins.DocumentationPluginsBootstrapper - Found 1 custom documentation plugin(s)
2022-07-17 00:57:24.659 [main] INFO  s.d.spring.web.scanners.ApiListingReferenceScanner - Scanning for api listing references
2022-07-17 00:57:24.719 [main] INFO  org.apache.coyote.http11.Http11NioProtocol - Starting ProtocolHandler ["http-nio-8002"]
2022-07-17 00:57:24.730 [main] INFO  o.s.boot.web.embedded.tomcat.TomcatWebServer - Tomcat started on port(s): 8002 (http) with context path ''
2022-07-17 00:57:24.732 [main] INFO  com.example.serviceoss.OssApplication - Started OssApplication in 1.58 seconds (JVM running for 2.059)
2022-07-17 01:07:03.424 [http-nio-8002-exec-1] INFO  o.a.c.core.ContainerBase.[Tomcat].[localhost].[/] - Initializing Spring DispatcherServlet 'dispatcherServlet'
2022-07-17 01:07:03.424 [http-nio-8002-exec-1] INFO  org.springframework.web.servlet.DispatcherServlet - Initializing Servlet 'dispatcherServlet'
2022-07-17 01:07:03.427 [http-nio-8002-exec-1] INFO  org.springframework.web.servlet.DispatcherServlet - Completed initialization in 3 ms
2022-07-17 01:30:40.111 [SpringContextShutdownHook] INFO  o.s.scheduling.concurrent.ThreadPoolTaskExecutor - Shutting down ExecutorService 'applicationTaskExecutor'
2022-07-17 21:16:18.020 [main] INFO  com.example.serviceoss.OssApplication - Starting OssApplication on jj with PID 10484 (E:\Dev\Demo\guli_school\service\service_oss\target\classes started by NFFive in E:\Dev\Demo\guli_school)
2022-07-17 21:16:18.022 [main] INFO  com.example.serviceoss.OssApplication - The following profiles are active: dev
2022-07-17 21:16:18.440 [main] INFO  o.s.d.r.config.RepositoryConfigurationDelegate - Multiple Spring Data modules found, entering strict repository configuration mode!
2022-07-17 21:16:18.442 [main] INFO  o.s.d.r.config.RepositoryConfigurationDelegate - Bootstrapping Spring Data repositories in DEFAULT mode.
2022-07-17 21:16:18.456 [main] INFO  o.s.d.r.config.RepositoryConfigurationDelegate - Finished Spring Data repository scanning in 7ms. Found 0 repository interfaces.
2022-07-17 21:16:18.689 [main] INFO  o.s.boot.web.embedded.tomcat.TomcatWebServer - Tomcat initialized with port(s): 8002 (http)
2022-07-17 21:16:18.694 [main] INFO  org.apache.coyote.http11.Http11NioProtocol - Initializing ProtocolHandler ["http-nio-8002"]
2022-07-17 21:16:18.694 [main] INFO  org.apache.catalina.core.StandardService - Starting service [Tomcat]
2022-07-17 21:16:18.694 [main] INFO  org.apache.catalina.core.StandardEngine - Starting Servlet engine: [Apache Tomcat/9.0.27]
2022-07-17 21:16:18.749 [main] INFO  o.a.c.core.ContainerBase.[Tomcat].[localhost].[/] - Initializing Spring embedded WebApplicationContext
2022-07-17 21:16:18.749 [main] INFO  org.springframework.web.context.ContextLoader - Root WebApplicationContext: initialization completed in 691 ms
2022-07-17 21:16:18.911 [main] INFO  s.d.s.w.PropertySourcedRequestMappingHandlerMapping - Mapped URL path [/v2/api-docs] onto method [springfox.documentation.swagger2.web.Swagger2Controller#getDocumentation(String, HttpServletRequest)]
2022-07-17 21:16:18.998 [main] INFO  o.s.scheduling.concurrent.ThreadPoolTaskExecutor - Initializing ExecutorService 'applicationTaskExecutor'
2022-07-17 21:16:19.215 [main] INFO  s.d.s.web.plugins.DocumentationPluginsBootstrapper - Context refreshed
2022-07-17 21:16:19.224 [main] INFO  s.d.s.web.plugins.DocumentationPluginsBootstrapper - Found 1 custom documentation plugin(s)
2022-07-17 21:16:19.241 [main] INFO  s.d.spring.web.scanners.ApiListingReferenceScanner - Scanning for api listing references
2022-07-17 21:16:19.303 [main] INFO  org.apache.coyote.http11.Http11NioProtocol - Starting ProtocolHandler ["http-nio-8002"]
2022-07-17 21:16:19.315 [main] INFO  o.s.boot.web.embedded.tomcat.TomcatWebServer - Tomcat started on port(s): 8002 (http) with context path ''
2022-07-17 21:16:19.316 [main] INFO  com.example.serviceoss.OssApplication - Started OssApplication in 1.554 seconds (JVM running for 1.995)
2022-07-17 22:02:20.275 [SpringContextShutdownHook] INFO  o.s.scheduling.concurrent.ThreadPoolTaskExecutor - Shutting down ExecutorService 'applicationTaskExecutor'
