2022-07-16 23:38:52.582 [main] INFO  com.example.serviceoss.OssApplication - Starting OssApplication on jj with PID 14844 (E:\Dev\Demo\guli_school\service\service_oss\target\classes started by NFFive in E:\Dev\Demo\guli_school)
2022-07-16 23:38:52.584 [main] INFO  com.example.serviceoss.OssApplication - The following profiles are active: dev
2022-07-16 23:38:52.979 [main] INFO  o.s.d.r.config.RepositoryConfigurationDelegate - Multiple Spring Data modules found, entering strict repository configuration mode!
2022-07-16 23:38:52.981 [main] INFO  o.s.d.r.config.RepositoryConfigurationDelegate - Bootstrapping Spring Data repositories in DEFAULT mode.
2022-07-16 23:38:52.995 [main] INFO  o.s.d.r.config.RepositoryConfigurationDelegate - Finished Spring Data repository scanning in 7ms. Found 0 repository interfaces.
2022-07-16 23:38:53.242 [main] INFO  o.s.boot.web.embedded.tomcat.TomcatWebServer - Tomcat initialized with port(s): 8002 (http)
2022-07-16 23:38:53.247 [main] INFO  org.apache.coyote.http11.Http11NioProtocol - Initializing ProtocolHandler ["http-nio-8002"]
2022-07-16 23:38:53.247 [main] INFO  org.apache.catalina.core.StandardService - Starting service [Tomcat]
2022-07-16 23:38:53.247 [main] INFO  org.apache.catalina.core.StandardEngine - Starting Servlet engine: [Apache Tomcat/9.0.27]
2022-07-16 23:38:53.304 [main] INFO  o.a.c.core.ContainerBase.[Tomcat].[localhost].[/] - Initializing Spring embedded WebApplicationContext
2022-07-16 23:38:53.304 [main] INFO  org.springframework.web.context.ContextLoader - Root WebApplicationContext: initialization completed in 682 ms
2022-07-16 23:38:53.463 [main] INFO  s.d.s.w.PropertySourcedRequestMappingHandlerMapping - Mapped URL path [/v2/api-docs] onto method [springfox.documentation.swagger2.web.Swagger2Controller#getDocumentation(String, HttpServletRequest)]
2022-07-16 23:38:53.542 [main] INFO  o.s.scheduling.concurrent.ThreadPoolTaskExecutor - Initializing ExecutorService 'applicationTaskExecutor'
2022-07-16 23:38:53.752 [main] INFO  s.d.s.web.plugins.DocumentationPluginsBootstrapper - Context refreshed
2022-07-16 23:38:53.762 [main] INFO  s.d.s.web.plugins.DocumentationPluginsBootstrapper - Found 1 custom documentation plugin(s)
2022-07-16 23:38:53.778 [main] INFO  s.d.spring.web.scanners.ApiListingReferenceScanner - Scanning for api listing references
2022-07-16 23:38:53.788 [main] INFO  org.apache.coyote.http11.Http11NioProtocol - Starting ProtocolHandler ["http-nio-8002"]
2022-07-16 23:38:53.799 [main] INFO  o.s.boot.web.embedded.tomcat.TomcatWebServer - Tomcat started on port(s): 8002 (http) with context path ''
2022-07-16 23:38:53.801 [main] INFO  com.example.serviceoss.OssApplication - Started OssApplication in 1.476 seconds (JVM running for 2.066)
2022-07-16 23:52:22.591 [SpringContextShutdownHook] INFO  o.s.scheduling.concurrent.ThreadPoolTaskExecutor - Shutting down ExecutorService 'applicationTaskExecutor'
2022-07-16 23:52:26.758 [main] INFO  com.example.serviceoss.OssApplication - Starting OssApplication on jj with PID 8256 (E:\Dev\Demo\guli_school\service\service_oss\target\classes started by NFFive in E:\Dev\Demo\guli_school)
2022-07-16 23:52:26.760 [main] INFO  com.example.serviceoss.OssApplication - The following profiles are active: dev
2022-07-16 23:52:27.189 [main] INFO  o.s.d.r.config.RepositoryConfigurationDelegate - Multiple Spring Data modules found, entering strict repository configuration mode!
2022-07-16 23:52:27.191 [main] INFO  o.s.d.r.config.RepositoryConfigurationDelegate - Bootstrapping Spring Data repositories in DEFAULT mode.
2022-07-16 23:52:27.205 [main] INFO  o.s.d.r.config.RepositoryConfigurationDelegate - Finished Spring Data repository scanning in 7ms. Found 0 repository interfaces.
2022-07-16 23:52:27.440 [main] INFO  o.s.boot.web.embedded.tomcat.TomcatWebServer - Tomcat initialized with port(s): 8002 (http)
2022-07-16 23:52:27.445 [main] INFO  org.apache.coyote.http11.Http11NioProtocol - Initializing ProtocolHandler ["http-nio-8002"]
2022-07-16 23:52:27.445 [main] INFO  org.apache.catalina.core.StandardService - Starting service [Tomcat]
2022-07-16 23:52:27.445 [main] INFO  org.apache.catalina.core.StandardEngine - Starting Servlet engine: [Apache Tomcat/9.0.27]
2022-07-16 23:52:27.500 [main] INFO  o.a.c.core.ContainerBase.[Tomcat].[localhost].[/] - Initializing Spring embedded WebApplicationContext
2022-07-16 23:52:27.501 [main] INFO  org.springframework.web.context.ContextLoader - Root WebApplicationContext: initialization completed in 702 ms
2022-07-16 23:52:27.532 [main] INFO  org.apache.catalina.core.StandardService - Stopping service [Tomcat]
2022-07-16 23:52:27.540 [main] INFO  o.s.b.a.l.ConditionEvaluationReportLoggingListener - 

Error starting ApplicationContext. To display the conditions report re-run your application with 'debug' enabled.
2022-07-16 23:58:17.731 [main] INFO  com.example.serviceoss.OssApplication - Starting OssApplication on jj with PID 14808 (E:\Dev\Demo\guli_school\service\service_oss\target\classes started by NFFive in E:\Dev\Demo\guli_school)
2022-07-16 23:58:17.734 [main] INFO  com.example.serviceoss.OssApplication - The following profiles are active: dev
2022-07-16 23:58:18.177 [main] INFO  o.s.d.r.config.RepositoryConfigurationDelegate - Multiple Spring Data modules found, entering strict repository configuration mode!
2022-07-16 23:58:18.179 [main] INFO  o.s.d.r.config.RepositoryConfigurationDelegate - Bootstrapping Spring Data repositories in DEFAULT mode.
2022-07-16 23:58:18.195 [main] INFO  o.s.d.r.config.RepositoryConfigurationDelegate - Finished Spring Data repository scanning in 8ms. Found 0 repository interfaces.
2022-07-16 23:58:18.421 [main] INFO  o.s.boot.web.embedded.tomcat.TomcatWebServer - Tomcat initialized with port(s): 8002 (http)
2022-07-16 23:58:18.426 [main] INFO  org.apache.coyote.http11.Http11NioProtocol - Initializing ProtocolHandler ["http-nio-8002"]
2022-07-16 23:58:18.426 [main] INFO  org.apache.catalina.core.StandardService - Starting service [Tomcat]
2022-07-16 23:58:18.426 [main] INFO  org.apache.catalina.core.StandardEngine - Starting Servlet engine: [Apache Tomcat/9.0.27]
2022-07-16 23:58:18.480 [main] INFO  o.a.c.core.ContainerBase.[Tomcat].[localhost].[/] - Initializing Spring embedded WebApplicationContext
2022-07-16 23:58:18.480 [main] INFO  org.springframework.web.context.ContextLoader - Root WebApplicationContext: initialization completed in 702 ms
2022-07-16 23:58:18.644 [main] INFO  s.d.s.w.PropertySourcedRequestMappingHandlerMapping - Mapped URL path [/v2/api-docs] onto method [springfox.documentation.swagger2.web.Swagger2Controller#getDocumentation(String, HttpServletRequest)]
2022-07-16 23:58:18.726 [main] INFO  o.s.scheduling.concurrent.ThreadPoolTaskExecutor - Initializing ExecutorService 'applicationTaskExecutor'
2022-07-16 23:58:18.938 [main] INFO  s.d.s.web.plugins.DocumentationPluginsBootstrapper - Context refreshed
2022-07-16 23:58:18.947 [main] INFO  s.d.s.web.plugins.DocumentationPluginsBootstrapper - Found 1 custom documentation plugin(s)
2022-07-16 23:58:18.964 [main] INFO  s.d.spring.web.scanners.ApiListingReferenceScanner - Scanning for api listing references
2022-07-16 23:58:19.026 [main] INFO  org.apache.coyote.http11.Http11NioProtocol - Starting ProtocolHandler ["http-nio-8002"]
2022-07-16 23:58:19.038 [main] INFO  o.s.boot.web.embedded.tomcat.TomcatWebServer - Tomcat started on port(s): 8002 (http) with context path ''
2022-07-16 23:58:19.039 [main] INFO  com.example.serviceoss.OssApplication - Started OssApplication in 1.607 seconds (JVM running for 2.051)
2022-07-16 23:58:28.954 [http-nio-8002-exec-1] INFO  o.a.c.core.ContainerBase.[Tomcat].[localhost].[/] - Initializing Spring DispatcherServlet 'dispatcherServlet'
2022-07-16 23:58:28.955 [http-nio-8002-exec-1] INFO  org.springframework.web.servlet.DispatcherServlet - Initializing Servlet 'dispatcherServlet'
2022-07-16 23:58:28.958 [http-nio-8002-exec-1] INFO  org.springframework.web.servlet.DispatcherServlet - Completed initialization in 3 ms
