2022-07-21 12:07:02.347 [main] INFO  com.example.servicevod.VodApplication - Starting VodApplication on jj with PID 11472 (E:\Dev\Demo\guli_school\service\service_vod\target\classes started by NFFive in E:\Dev\Demo\guli_school)
2022-07-21 12:07:02.349 [main] INFO  com.example.servicevod.VodApplication - The following profiles are active: dev
2022-07-21 12:07:02.761 [main] INFO  o.s.d.r.config.RepositoryConfigurationDelegate - Multiple Spring Data modules found, entering strict repository configuration mode!
2022-07-21 12:07:02.762 [main] INFO  o.s.d.r.config.RepositoryConfigurationDelegate - Bootstrapping Spring Data repositories in DEFAULT mode.
2022-07-21 12:07:02.777 [main] INFO  o.s.d.r.config.RepositoryConfigurationDelegate - Finished Spring Data repository scanning in 7ms. Found 0 repository interfaces.
2022-07-21 12:07:03.022 [main] INFO  o.s.boot.web.embedded.tomcat.TomcatWebServer - Tomcat initialized with port(s): 8003 (http)
2022-07-21 12:07:03.027 [main] INFO  org.apache.coyote.http11.Http11NioProtocol - Initializing ProtocolHandler ["http-nio-8003"]
2022-07-21 12:07:03.027 [main] INFO  org.apache.catalina.core.StandardService - Starting service [Tomcat]
2022-07-21 12:07:03.027 [main] INFO  org.apache.catalina.core.StandardEngine - Starting Servlet engine: [Apache Tomcat/9.0.27]
2022-07-21 12:07:03.085 [main] INFO  o.a.c.core.ContainerBase.[Tomcat].[localhost].[/] - Initializing Spring embedded WebApplicationContext
2022-07-21 12:07:03.085 [main] INFO  org.springframework.web.context.ContextLoader - Root WebApplicationContext: initialization completed in 697 ms
2022-07-21 12:07:03.254 [main] INFO  s.d.s.w.PropertySourcedRequestMappingHandlerMapping - Mapped URL path [/v2/api-docs] onto method [springfox.documentation.swagger2.web.Swagger2Controller#getDocumentation(String, HttpServletRequest)]
2022-07-21 12:07:03.336 [main] INFO  o.s.scheduling.concurrent.ThreadPoolTaskExecutor - Initializing ExecutorService 'applicationTaskExecutor'
2022-07-21 12:07:03.546 [main] INFO  s.d.s.web.plugins.DocumentationPluginsBootstrapper - Context refreshed
2022-07-21 12:07:03.557 [main] INFO  s.d.s.web.plugins.DocumentationPluginsBootstrapper - Found 1 custom documentation plugin(s)
2022-07-21 12:07:03.575 [main] INFO  s.d.spring.web.scanners.ApiListingReferenceScanner - Scanning for api listing references
2022-07-21 12:07:03.585 [main] INFO  org.apache.coyote.http11.Http11NioProtocol - Starting ProtocolHandler ["http-nio-8003"]
2022-07-21 12:07:03.597 [main] INFO  o.s.boot.web.embedded.tomcat.TomcatWebServer - Tomcat started on port(s): 8003 (http) with context path ''
2022-07-21 12:07:03.599 [main] INFO  com.example.servicevod.VodApplication - Started VodApplication in 1.503 seconds (JVM running for 1.964)
2022-07-21 12:07:13.917 [http-nio-8003-exec-1] INFO  o.a.c.core.ContainerBase.[Tomcat].[localhost].[/] - Initializing Spring DispatcherServlet 'dispatcherServlet'
2022-07-21 12:07:13.917 [http-nio-8003-exec-1] INFO  org.springframework.web.servlet.DispatcherServlet - Initializing Servlet 'dispatcherServlet'
2022-07-21 12:07:13.920 [http-nio-8003-exec-1] INFO  org.springframework.web.servlet.DispatcherServlet - Completed initialization in 3 ms
2022-07-21 13:50:13.575 [SpringContextShutdownHook] INFO  o.s.scheduling.concurrent.ThreadPoolTaskExecutor - Shutting down ExecutorService 'applicationTaskExecutor'
2022-07-21 13:50:17.919 [main] INFO  com.example.servicevod.VodApplication - Starting VodApplication on jj with PID 9544 (E:\Dev\Demo\guli_school\service\service_vod\target\classes started by NFFive in E:\Dev\Demo\guli_school)
2022-07-21 13:50:17.921 [main] INFO  com.example.servicevod.VodApplication - The following profiles are active: dev
2022-07-21 13:50:18.346 [main] INFO  o.s.d.r.config.RepositoryConfigurationDelegate - Multiple Spring Data modules found, entering strict repository configuration mode!
2022-07-21 13:50:18.347 [main] INFO  o.s.d.r.config.RepositoryConfigurationDelegate - Bootstrapping Spring Data repositories in DEFAULT mode.
2022-07-21 13:50:18.362 [main] INFO  o.s.d.r.config.RepositoryConfigurationDelegate - Finished Spring Data repository scanning in 7ms. Found 0 repository interfaces.
2022-07-21 13:50:18.591 [main] INFO  o.s.boot.web.embedded.tomcat.TomcatWebServer - Tomcat initialized with port(s): 8003 (http)
2022-07-21 13:50:18.599 [main] INFO  org.apache.coyote.http11.Http11NioProtocol - Initializing ProtocolHandler ["http-nio-8003"]
2022-07-21 13:50:18.599 [main] INFO  org.apache.catalina.core.StandardService - Starting service [Tomcat]
2022-07-21 13:50:18.600 [main] INFO  org.apache.catalina.core.StandardEngine - Starting Servlet engine: [Apache Tomcat/9.0.27]
2022-07-21 13:50:18.656 [main] INFO  o.a.c.core.ContainerBase.[Tomcat].[localhost].[/] - Initializing Spring embedded WebApplicationContext
2022-07-21 13:50:18.656 [main] INFO  org.springframework.web.context.ContextLoader - Root WebApplicationContext: initialization completed in 697 ms
2022-07-21 13:50:18.685 [main] INFO  org.apache.catalina.core.StandardService - Stopping service [Tomcat]
2022-07-21 13:50:18.693 [main] INFO  o.s.b.a.l.ConditionEvaluationReportLoggingListener - 

Error starting ApplicationContext. To display the conditions report re-run your application with 'debug' enabled.
2022-07-21 13:50:35.267 [main] INFO  com.example.servicevod.VodApplication - Starting VodApplication on jj with PID 10532 (E:\Dev\Demo\guli_school\service\service_vod\target\classes started by NFFive in E:\Dev\Demo\guli_school)
2022-07-21 13:50:35.270 [main] INFO  com.example.servicevod.VodApplication - The following profiles are active: dev
2022-07-21 13:50:35.680 [main] INFO  o.s.d.r.config.RepositoryConfigurationDelegate - Multiple Spring Data modules found, entering strict repository configuration mode!
2022-07-21 13:50:35.681 [main] INFO  o.s.d.r.config.RepositoryConfigurationDelegate - Bootstrapping Spring Data repositories in DEFAULT mode.
2022-07-21 13:50:35.697 [main] INFO  o.s.d.r.config.RepositoryConfigurationDelegate - Finished Spring Data repository scanning in 8ms. Found 0 repository interfaces.
2022-07-21 13:50:35.927 [main] INFO  o.s.boot.web.embedded.tomcat.TomcatWebServer - Tomcat initialized with port(s): 8003 (http)
2022-07-21 13:50:35.931 [main] INFO  org.apache.coyote.http11.Http11NioProtocol - Initializing ProtocolHandler ["http-nio-8003"]
2022-07-21 13:50:35.932 [main] INFO  org.apache.catalina.core.StandardService - Starting service [Tomcat]
2022-07-21 13:50:35.932 [main] INFO  org.apache.catalina.core.StandardEngine - Starting Servlet engine: [Apache Tomcat/9.0.27]
2022-07-21 13:50:35.986 [main] INFO  o.a.c.core.ContainerBase.[Tomcat].[localhost].[/] - Initializing Spring embedded WebApplicationContext
2022-07-21 13:50:35.986 [main] INFO  org.springframework.web.context.ContextLoader - Root WebApplicationContext: initialization completed in 678 ms
2022-07-21 13:50:36.014 [main] INFO  org.apache.catalina.core.StandardService - Stopping service [Tomcat]
2022-07-21 13:50:36.021 [main] INFO  o.s.b.a.l.ConditionEvaluationReportLoggingListener - 

Error starting ApplicationContext. To display the conditions report re-run your application with 'debug' enabled.
2022-07-21 13:53:03.229 [main] INFO  com.example.servicevod.VodApplication - Starting VodApplication on jj with PID 3036 (E:\Dev\Demo\guli_school\service\service_vod\target\classes started by NFFive in E:\Dev\Demo\guli_school)
2022-07-21 13:53:03.232 [main] INFO  com.example.servicevod.VodApplication - The following profiles are active: dev
2022-07-21 13:53:03.650 [main] INFO  o.s.d.r.config.RepositoryConfigurationDelegate - Multiple Spring Data modules found, entering strict repository configuration mode!
2022-07-21 13:53:03.651 [main] INFO  o.s.d.r.config.RepositoryConfigurationDelegate - Bootstrapping Spring Data repositories in DEFAULT mode.
2022-07-21 13:53:03.666 [main] INFO  o.s.d.r.config.RepositoryConfigurationDelegate - Finished Spring Data repository scanning in 8ms. Found 0 repository interfaces.
2022-07-21 13:53:03.895 [main] INFO  o.s.boot.web.embedded.tomcat.TomcatWebServer - Tomcat initialized with port(s): 8003 (http)
2022-07-21 13:53:03.899 [main] INFO  org.apache.coyote.http11.Http11NioProtocol - Initializing ProtocolHandler ["http-nio-8003"]
2022-07-21 13:53:03.900 [main] INFO  org.apache.catalina.core.StandardService - Starting service [Tomcat]
2022-07-21 13:53:03.900 [main] INFO  org.apache.catalina.core.StandardEngine - Starting Servlet engine: [Apache Tomcat/9.0.27]
2022-07-21 13:53:03.954 [main] INFO  o.a.c.core.ContainerBase.[Tomcat].[localhost].[/] - Initializing Spring embedded WebApplicationContext
2022-07-21 13:53:03.954 [main] INFO  org.springframework.web.context.ContextLoader - Root WebApplicationContext: initialization completed in 683 ms
2022-07-21 13:53:04.130 [main] INFO  s.d.s.w.PropertySourcedRequestMappingHandlerMapping - Mapped URL path [/v2/api-docs] onto method [springfox.documentation.swagger2.web.Swagger2Controller#getDocumentation(String, HttpServletRequest)]
2022-07-21 13:53:04.211 [main] INFO  o.s.scheduling.concurrent.ThreadPoolTaskExecutor - Initializing ExecutorService 'applicationTaskExecutor'
2022-07-21 13:53:04.420 [main] INFO  s.d.s.web.plugins.DocumentationPluginsBootstrapper - Context refreshed
2022-07-21 13:53:04.429 [main] INFO  s.d.s.web.plugins.DocumentationPluginsBootstrapper - Found 1 custom documentation plugin(s)
2022-07-21 13:53:04.445 [main] INFO  s.d.spring.web.scanners.ApiListingReferenceScanner - Scanning for api listing references
2022-07-21 13:53:04.509 [main] INFO  org.apache.coyote.http11.Http11NioProtocol - Starting ProtocolHandler ["http-nio-8003"]
2022-07-21 13:53:04.523 [main] INFO  o.s.boot.web.embedded.tomcat.TomcatWebServer - Tomcat started on port(s): 8003 (http) with context path ''
2022-07-21 13:53:04.526 [main] INFO  com.example.servicevod.VodApplication - Started VodApplication in 1.554 seconds (JVM running for 1.996)
2022-07-21 13:53:19.993 [http-nio-8003-exec-1] INFO  o.a.c.core.ContainerBase.[Tomcat].[localhost].[/] - Initializing Spring DispatcherServlet 'dispatcherServlet'
2022-07-21 13:53:19.993 [http-nio-8003-exec-1] INFO  org.springframework.web.servlet.DispatcherServlet - Initializing Servlet 'dispatcherServlet'
2022-07-21 13:53:19.996 [http-nio-8003-exec-1] INFO  org.springframework.web.servlet.DispatcherServlet - Completed initialization in 3 ms
2022-07-21 14:19:21.563 [SpringContextShutdownHook] INFO  o.s.scheduling.concurrent.ThreadPoolTaskExecutor - Shutting down ExecutorService 'applicationTaskExecutor'
2022-07-21 14:19:26.255 [main] INFO  com.example.servicevod.VodApplication - Starting VodApplication on jj with PID 12276 (E:\Dev\Demo\guli_school\service\service_vod\target\classes started by NFFive in E:\Dev\Demo\guli_school)
2022-07-21 14:19:26.257 [main] INFO  com.example.servicevod.VodApplication - The following profiles are active: dev
2022-07-21 14:19:26.677 [main] INFO  o.s.d.r.config.RepositoryConfigurationDelegate - Multiple Spring Data modules found, entering strict repository configuration mode!
2022-07-21 14:19:26.678 [main] INFO  o.s.d.r.config.RepositoryConfigurationDelegate - Bootstrapping Spring Data repositories in DEFAULT mode.
2022-07-21 14:19:26.693 [main] INFO  o.s.d.r.config.RepositoryConfigurationDelegate - Finished Spring Data repository scanning in 8ms. Found 0 repository interfaces.
2022-07-21 14:19:26.922 [main] INFO  o.s.boot.web.embedded.tomcat.TomcatWebServer - Tomcat initialized with port(s): 8003 (http)
2022-07-21 14:19:26.926 [main] INFO  org.apache.coyote.http11.Http11NioProtocol - Initializing ProtocolHandler ["http-nio-8003"]
2022-07-21 14:19:26.927 [main] INFO  org.apache.catalina.core.StandardService - Starting service [Tomcat]
2022-07-21 14:19:26.927 [main] INFO  org.apache.catalina.core.StandardEngine - Starting Servlet engine: [Apache Tomcat/9.0.27]
2022-07-21 14:19:26.982 [main] INFO  o.a.c.core.ContainerBase.[Tomcat].[localhost].[/] - Initializing Spring embedded WebApplicationContext
2022-07-21 14:19:26.982 [main] INFO  org.springframework.web.context.ContextLoader - Root WebApplicationContext: initialization completed in 688 ms
2022-07-21 14:19:27.146 [main] INFO  s.d.s.w.PropertySourcedRequestMappingHandlerMapping - Mapped URL path [/v2/api-docs] onto method [springfox.documentation.swagger2.web.Swagger2Controller#getDocumentation(String, HttpServletRequest)]
2022-07-21 14:19:27.227 [main] INFO  o.s.scheduling.concurrent.ThreadPoolTaskExecutor - Initializing ExecutorService 'applicationTaskExecutor'
2022-07-21 14:19:27.436 [main] INFO  s.d.s.web.plugins.DocumentationPluginsBootstrapper - Context refreshed
2022-07-21 14:19:27.446 [main] INFO  s.d.s.web.plugins.DocumentationPluginsBootstrapper - Found 1 custom documentation plugin(s)
2022-07-21 14:19:27.462 [main] INFO  s.d.spring.web.scanners.ApiListingReferenceScanner - Scanning for api listing references
2022-07-21 14:19:27.526 [main] INFO  org.apache.coyote.http11.Http11NioProtocol - Starting ProtocolHandler ["http-nio-8003"]
2022-07-21 14:19:27.538 [main] INFO  o.s.boot.web.embedded.tomcat.TomcatWebServer - Tomcat started on port(s): 8003 (http) with context path ''
2022-07-21 14:19:27.539 [main] INFO  com.example.servicevod.VodApplication - Started VodApplication in 1.559 seconds (JVM running for 2.011)
2022-07-21 14:19:31.081 [SpringContextShutdownHook] INFO  o.s.scheduling.concurrent.ThreadPoolTaskExecutor - Shutting down ExecutorService 'applicationTaskExecutor'
2022-07-21 14:19:33.159 [main] INFO  com.example.servicevod.VodApplication - Starting VodApplication on jj with PID 8000 (E:\Dev\Demo\guli_school\service\service_vod\target\classes started by NFFive in E:\Dev\Demo\guli_school)
2022-07-21 14:19:33.161 [main] INFO  com.example.servicevod.VodApplication - The following profiles are active: dev
2022-07-21 14:19:33.560 [main] INFO  o.s.d.r.config.RepositoryConfigurationDelegate - Multiple Spring Data modules found, entering strict repository configuration mode!
2022-07-21 14:19:33.561 [main] INFO  o.s.d.r.config.RepositoryConfigurationDelegate - Bootstrapping Spring Data repositories in DEFAULT mode.
2022-07-21 14:19:33.575 [main] INFO  o.s.d.r.config.RepositoryConfigurationDelegate - Finished Spring Data repository scanning in 7ms. Found 0 repository interfaces.
2022-07-21 14:19:33.804 [main] INFO  o.s.boot.web.embedded.tomcat.TomcatWebServer - Tomcat initialized with port(s): 8003 (http)
2022-07-21 14:19:33.809 [main] INFO  org.apache.coyote.http11.Http11NioProtocol - Initializing ProtocolHandler ["http-nio-8003"]
2022-07-21 14:19:33.809 [main] INFO  org.apache.catalina.core.StandardService - Starting service [Tomcat]
2022-07-21 14:19:33.810 [main] INFO  org.apache.catalina.core.StandardEngine - Starting Servlet engine: [Apache Tomcat/9.0.27]
2022-07-21 14:19:33.863 [main] INFO  o.a.c.core.ContainerBase.[Tomcat].[localhost].[/] - Initializing Spring embedded WebApplicationContext
2022-07-21 14:19:33.863 [main] INFO  org.springframework.web.context.ContextLoader - Root WebApplicationContext: initialization completed in 665 ms
2022-07-21 14:19:34.031 [main] INFO  s.d.s.w.PropertySourcedRequestMappingHandlerMapping - Mapped URL path [/v2/api-docs] onto method [springfox.documentation.swagger2.web.Swagger2Controller#getDocumentation(String, HttpServletRequest)]
2022-07-21 14:19:34.111 [main] INFO  o.s.scheduling.concurrent.ThreadPoolTaskExecutor - Initializing ExecutorService 'applicationTaskExecutor'
2022-07-21 14:19:34.323 [main] INFO  s.d.s.web.plugins.DocumentationPluginsBootstrapper - Context refreshed
2022-07-21 14:19:34.332 [main] INFO  s.d.s.web.plugins.DocumentationPluginsBootstrapper - Found 1 custom documentation plugin(s)
2022-07-21 14:19:34.349 [main] INFO  s.d.spring.web.scanners.ApiListingReferenceScanner - Scanning for api listing references
2022-07-21 14:19:34.411 [main] INFO  org.apache.coyote.http11.Http11NioProtocol - Starting ProtocolHandler ["http-nio-8003"]
2022-07-21 14:19:34.423 [main] INFO  o.s.boot.web.embedded.tomcat.TomcatWebServer - Tomcat started on port(s): 8003 (http) with context path ''
2022-07-21 14:19:34.424 [main] INFO  com.example.servicevod.VodApplication - Started VodApplication in 1.519 seconds (JVM running for 1.978)
2022-07-21 14:19:54.363 [http-nio-8003-exec-1] INFO  o.a.c.core.ContainerBase.[Tomcat].[localhost].[/] - Initializing Spring DispatcherServlet 'dispatcherServlet'
2022-07-21 14:19:54.363 [http-nio-8003-exec-1] INFO  org.springframework.web.servlet.DispatcherServlet - Initializing Servlet 'dispatcherServlet'
2022-07-21 14:19:54.366 [http-nio-8003-exec-1] INFO  org.springframework.web.servlet.DispatcherServlet - Completed initialization in 3 ms
2022-07-21 15:13:00.534 [SpringContextShutdownHook] INFO  o.s.scheduling.concurrent.ThreadPoolTaskExecutor - Shutting down ExecutorService 'applicationTaskExecutor'
2022-07-21 15:13:02.617 [main] INFO  com.example.servicevod.VodApplication - Starting VodApplication on jj with PID 3412 (E:\Dev\Demo\guli_school\service\service_vod\target\classes started by NFFive in E:\Dev\Demo\guli_school)
2022-07-21 15:13:02.619 [main] INFO  com.example.servicevod.VodApplication - The following profiles are active: dev
2022-07-21 15:13:03.028 [main] INFO  o.s.d.r.config.RepositoryConfigurationDelegate - Multiple Spring Data modules found, entering strict repository configuration mode!
2022-07-21 15:13:03.030 [main] INFO  o.s.d.r.config.RepositoryConfigurationDelegate - Bootstrapping Spring Data repositories in DEFAULT mode.
2022-07-21 15:13:03.044 [main] INFO  o.s.d.r.config.RepositoryConfigurationDelegate - Finished Spring Data repository scanning in 7ms. Found 0 repository interfaces.
2022-07-21 15:13:03.275 [main] INFO  o.s.boot.web.embedded.tomcat.TomcatWebServer - Tomcat initialized with port(s): 8003 (http)
2022-07-21 15:13:03.279 [main] INFO  org.apache.coyote.http11.Http11NioProtocol - Initializing ProtocolHandler ["http-nio-8003"]
2022-07-21 15:13:03.280 [main] INFO  org.apache.catalina.core.StandardService - Starting service [Tomcat]
2022-07-21 15:13:03.280 [main] INFO  org.apache.catalina.core.StandardEngine - Starting Servlet engine: [Apache Tomcat/9.0.27]
2022-07-21 15:13:03.334 [main] INFO  o.a.c.core.ContainerBase.[Tomcat].[localhost].[/] - Initializing Spring embedded WebApplicationContext
2022-07-21 15:13:03.334 [main] INFO  org.springframework.web.context.ContextLoader - Root WebApplicationContext: initialization completed in 676 ms
2022-07-21 15:13:03.501 [main] INFO  s.d.s.w.PropertySourcedRequestMappingHandlerMapping - Mapped URL path [/v2/api-docs] onto method [springfox.documentation.swagger2.web.Swagger2Controller#getDocumentation(String, HttpServletRequest)]
2022-07-21 15:13:03.580 [main] INFO  o.s.scheduling.concurrent.ThreadPoolTaskExecutor - Initializing ExecutorService 'applicationTaskExecutor'
2022-07-21 15:13:03.792 [main] INFO  s.d.s.web.plugins.DocumentationPluginsBootstrapper - Context refreshed
2022-07-21 15:13:03.801 [main] INFO  s.d.s.web.plugins.DocumentationPluginsBootstrapper - Found 1 custom documentation plugin(s)
2022-07-21 15:13:03.818 [main] INFO  s.d.spring.web.scanners.ApiListingReferenceScanner - Scanning for api listing references
2022-07-21 15:13:03.879 [main] INFO  org.apache.coyote.http11.Http11NioProtocol - Starting ProtocolHandler ["http-nio-8003"]
2022-07-21 15:13:03.890 [main] INFO  o.s.boot.web.embedded.tomcat.TomcatWebServer - Tomcat started on port(s): 8003 (http) with context path ''
2022-07-21 15:13:03.892 [main] INFO  com.example.servicevod.VodApplication - Started VodApplication in 1.526 seconds (JVM running for 1.956)
2022-07-21 22:53:54.736 [SpringContextShutdownHook] INFO  o.s.scheduling.concurrent.ThreadPoolTaskExecutor - Shutting down ExecutorService 'applicationTaskExecutor'
