2022-07-23 11:45:02.166 [ThreadPoolTaskScheduler-1] ERROR o.s.cloud.alibaba.nacos.discovery.NacosWatch - Error watching Nacos Service change
java.lang.IllegalStateException: failed to req API:/nacos/v1/ns/service/list after all servers([127.0.0.1:8848]) tried: failed to req API:http://127.0.0.1:8848/nacos/v1/ns/service/list. code:500 msg: java.net.ConnectException: Connection refused: connect
	at com.alibaba.nacos.client.naming.net.NamingProxy.reqAPI(NamingProxy.java:380)
	at com.alibaba.nacos.client.naming.net.NamingProxy.reqAPI(NamingProxy.java:346)
	at com.alibaba.nacos.client.naming.net.NamingProxy.reqAPI(NamingProxy.java:294)
	at com.alibaba.nacos.client.naming.net.NamingProxy.getServiceList(NamingProxy.java:276)
	at com.alibaba.nacos.client.naming.net.NamingProxy.getServiceList(NamingProxy.java:252)
	at com.alibaba.nacos.client.naming.NacosNamingService.getServicesOfServer(NacosNamingService.java:525)
	at org.springframework.cloud.alibaba.nacos.discovery.NacosWatch.nacosServicesWatch(NacosWatch.java:127)
	at org.springframework.scheduling.support.DelegatingErrorHandlingRunnable.run(DelegatingErrorHandlingRunnable.java:54)
	at java.util.concurrent.Executors$RunnableAdapter.call(Executors.java:511)
	at java.util.concurrent.FutureTask.runAndReset(FutureTask.java:308)
	at java.util.concurrent.ScheduledThreadPoolExecutor$ScheduledFutureTask.access$301(ScheduledThreadPoolExecutor.java:180)
	at java.util.concurrent.ScheduledThreadPoolExecutor$ScheduledFutureTask.run(ScheduledThreadPoolExecutor.java:294)
	at java.util.concurrent.ThreadPoolExecutor.runWorker(ThreadPoolExecutor.java:1149)
	at java.util.concurrent.ThreadPoolExecutor$Worker.run(ThreadPoolExecutor.java:624)
	at java.lang.Thread.run(Thread.java:748)
2022-07-23 11:45:34.201 [ThreadPoolTaskScheduler-1] ERROR o.s.cloud.alibaba.nacos.discovery.NacosWatch - Error watching Nacos Service change
java.lang.IllegalStateException: failed to req API:/nacos/v1/ns/service/list after all servers([127.0.0.1:8848]) tried: failed to req API:http://127.0.0.1:8848/nacos/v1/ns/service/list. code:500 msg: java.net.ConnectException: Connection refused: connect
	at com.alibaba.nacos.client.naming.net.NamingProxy.reqAPI(NamingProxy.java:380)
	at com.alibaba.nacos.client.naming.net.NamingProxy.reqAPI(NamingProxy.java:346)
	at com.alibaba.nacos.client.naming.net.NamingProxy.reqAPI(NamingProxy.java:294)
	at com.alibaba.nacos.client.naming.net.NamingProxy.getServiceList(NamingProxy.java:276)
	at com.alibaba.nacos.client.naming.net.NamingProxy.getServiceList(NamingProxy.java:252)
	at com.alibaba.nacos.client.naming.NacosNamingService.getServicesOfServer(NacosNamingService.java:525)
	at org.springframework.cloud.alibaba.nacos.discovery.NacosWatch.nacosServicesWatch(NacosWatch.java:127)
	at org.springframework.scheduling.support.DelegatingErrorHandlingRunnable.run(DelegatingErrorHandlingRunnable.java:54)
	at java.util.concurrent.Executors$RunnableAdapter.call(Executors.java:511)
	at java.util.concurrent.FutureTask.runAndReset(FutureTask.java:308)
	at java.util.concurrent.ScheduledThreadPoolExecutor$ScheduledFutureTask.access$301(ScheduledThreadPoolExecutor.java:180)
	at java.util.concurrent.ScheduledThreadPoolExecutor$ScheduledFutureTask.run(ScheduledThreadPoolExecutor.java:294)
	at java.util.concurrent.ThreadPoolExecutor.runWorker(ThreadPoolExecutor.java:1149)
	at java.util.concurrent.ThreadPoolExecutor$Worker.run(ThreadPoolExecutor.java:624)
	at java.lang.Thread.run(Thread.java:748)
2022-07-23 11:46:06.237 [ThreadPoolTaskScheduler-1] ERROR o.s.cloud.alibaba.nacos.discovery.NacosWatch - Error watching Nacos Service change
java.lang.IllegalStateException: failed to req API:/nacos/v1/ns/service/list after all servers([127.0.0.1:8848]) tried: failed to req API:http://127.0.0.1:8848/nacos/v1/ns/service/list. code:500 msg: java.net.ConnectException: Connection refused: connect
	at com.alibaba.nacos.client.naming.net.NamingProxy.reqAPI(NamingProxy.java:380)
	at com.alibaba.nacos.client.naming.net.NamingProxy.reqAPI(NamingProxy.java:346)
	at com.alibaba.nacos.client.naming.net.NamingProxy.reqAPI(NamingProxy.java:294)
	at com.alibaba.nacos.client.naming.net.NamingProxy.getServiceList(NamingProxy.java:276)
	at com.alibaba.nacos.client.naming.net.NamingProxy.getServiceList(NamingProxy.java:252)
	at com.alibaba.nacos.client.naming.NacosNamingService.getServicesOfServer(NacosNamingService.java:525)
	at org.springframework.cloud.alibaba.nacos.discovery.NacosWatch.nacosServicesWatch(NacosWatch.java:127)
	at org.springframework.scheduling.support.DelegatingErrorHandlingRunnable.run(DelegatingErrorHandlingRunnable.java:54)
	at java.util.concurrent.Executors$RunnableAdapter.call(Executors.java:511)
	at java.util.concurrent.FutureTask.runAndReset(FutureTask.java:308)
	at java.util.concurrent.ScheduledThreadPoolExecutor$ScheduledFutureTask.access$301(ScheduledThreadPoolExecutor.java:180)
	at java.util.concurrent.ScheduledThreadPoolExecutor$ScheduledFutureTask.run(ScheduledThreadPoolExecutor.java:294)
	at java.util.concurrent.ThreadPoolExecutor.runWorker(ThreadPoolExecutor.java:1149)
	at java.util.concurrent.ThreadPoolExecutor$Worker.run(ThreadPoolExecutor.java:624)
	at java.lang.Thread.run(Thread.java:748)
2022-07-23 11:46:38.265 [ThreadPoolTaskScheduler-1] ERROR o.s.cloud.alibaba.nacos.discovery.NacosWatch - Error watching Nacos Service change
java.lang.IllegalStateException: failed to req API:/nacos/v1/ns/service/list after all servers([127.0.0.1:8848]) tried: failed to req API:http://127.0.0.1:8848/nacos/v1/ns/service/list. code:500 msg: java.net.ConnectException: Connection refused: connect
	at com.alibaba.nacos.client.naming.net.NamingProxy.reqAPI(NamingProxy.java:380)
	at com.alibaba.nacos.client.naming.net.NamingProxy.reqAPI(NamingProxy.java:346)
	at com.alibaba.nacos.client.naming.net.NamingProxy.reqAPI(NamingProxy.java:294)
	at com.alibaba.nacos.client.naming.net.NamingProxy.getServiceList(NamingProxy.java:276)
	at com.alibaba.nacos.client.naming.net.NamingProxy.getServiceList(NamingProxy.java:252)
	at com.alibaba.nacos.client.naming.NacosNamingService.getServicesOfServer(NacosNamingService.java:525)
	at org.springframework.cloud.alibaba.nacos.discovery.NacosWatch.nacosServicesWatch(NacosWatch.java:127)
	at org.springframework.scheduling.support.DelegatingErrorHandlingRunnable.run(DelegatingErrorHandlingRunnable.java:54)
	at java.util.concurrent.Executors$RunnableAdapter.call(Executors.java:511)
	at java.util.concurrent.FutureTask.runAndReset(FutureTask.java:308)
	at java.util.concurrent.ScheduledThreadPoolExecutor$ScheduledFutureTask.access$301(ScheduledThreadPoolExecutor.java:180)
	at java.util.concurrent.ScheduledThreadPoolExecutor$ScheduledFutureTask.run(ScheduledThreadPoolExecutor.java:294)
	at java.util.concurrent.ThreadPoolExecutor.runWorker(ThreadPoolExecutor.java:1149)
	at java.util.concurrent.ThreadPoolExecutor$Worker.run(ThreadPoolExecutor.java:624)
	at java.lang.Thread.run(Thread.java:748)
2022-07-23 11:47:10.299 [ThreadPoolTaskScheduler-1] ERROR o.s.cloud.alibaba.nacos.discovery.NacosWatch - Error watching Nacos Service change
java.lang.IllegalStateException: failed to req API:/nacos/v1/ns/service/list after all servers([127.0.0.1:8848]) tried: failed to req API:http://127.0.0.1:8848/nacos/v1/ns/service/list. code:500 msg: java.net.ConnectException: Connection refused: connect
	at com.alibaba.nacos.client.naming.net.NamingProxy.reqAPI(NamingProxy.java:380)
	at com.alibaba.nacos.client.naming.net.NamingProxy.reqAPI(NamingProxy.java:346)
	at com.alibaba.nacos.client.naming.net.NamingProxy.reqAPI(NamingProxy.java:294)
	at com.alibaba.nacos.client.naming.net.NamingProxy.getServiceList(NamingProxy.java:276)
	at com.alibaba.nacos.client.naming.net.NamingProxy.getServiceList(NamingProxy.java:252)
	at com.alibaba.nacos.client.naming.NacosNamingService.getServicesOfServer(NacosNamingService.java:525)
	at org.springframework.cloud.alibaba.nacos.discovery.NacosWatch.nacosServicesWatch(NacosWatch.java:127)
	at org.springframework.scheduling.support.DelegatingErrorHandlingRunnable.run(DelegatingErrorHandlingRunnable.java:54)
	at java.util.concurrent.Executors$RunnableAdapter.call(Executors.java:511)
	at java.util.concurrent.FutureTask.runAndReset(FutureTask.java:308)
	at java.util.concurrent.ScheduledThreadPoolExecutor$ScheduledFutureTask.access$301(ScheduledThreadPoolExecutor.java:180)
	at java.util.concurrent.ScheduledThreadPoolExecutor$ScheduledFutureTask.run(ScheduledThreadPoolExecutor.java:294)
	at java.util.concurrent.ThreadPoolExecutor.runWorker(ThreadPoolExecutor.java:1149)
	at java.util.concurrent.ThreadPoolExecutor$Worker.run(ThreadPoolExecutor.java:624)
	at java.lang.Thread.run(Thread.java:748)
2022-07-23 11:47:42.348 [ThreadPoolTaskScheduler-1] ERROR o.s.cloud.alibaba.nacos.discovery.NacosWatch - Error watching Nacos Service change
java.lang.IllegalStateException: failed to req API:/nacos/v1/ns/service/list after all servers([127.0.0.1:8848]) tried: failed to req API:http://127.0.0.1:8848/nacos/v1/ns/service/list. code:500 msg: java.net.ConnectException: Connection refused: connect
	at com.alibaba.nacos.client.naming.net.NamingProxy.reqAPI(NamingProxy.java:380)
	at com.alibaba.nacos.client.naming.net.NamingProxy.reqAPI(NamingProxy.java:346)
	at com.alibaba.nacos.client.naming.net.NamingProxy.reqAPI(NamingProxy.java:294)
	at com.alibaba.nacos.client.naming.net.NamingProxy.getServiceList(NamingProxy.java:276)
	at com.alibaba.nacos.client.naming.net.NamingProxy.getServiceList(NamingProxy.java:252)
	at com.alibaba.nacos.client.naming.NacosNamingService.getServicesOfServer(NacosNamingService.java:525)
	at org.springframework.cloud.alibaba.nacos.discovery.NacosWatch.nacosServicesWatch(NacosWatch.java:127)
	at org.springframework.scheduling.support.DelegatingErrorHandlingRunnable.run(DelegatingErrorHandlingRunnable.java:54)
	at java.util.concurrent.Executors$RunnableAdapter.call(Executors.java:511)
	at java.util.concurrent.FutureTask.runAndReset(FutureTask.java:308)
	at java.util.concurrent.ScheduledThreadPoolExecutor$ScheduledFutureTask.access$301(ScheduledThreadPoolExecutor.java:180)
	at java.util.concurrent.ScheduledThreadPoolExecutor$ScheduledFutureTask.run(ScheduledThreadPoolExecutor.java:294)
	at java.util.concurrent.ThreadPoolExecutor.runWorker(ThreadPoolExecutor.java:1149)
	at java.util.concurrent.ThreadPoolExecutor$Worker.run(ThreadPoolExecutor.java:624)
	at java.lang.Thread.run(Thread.java:748)
2022-07-23 11:48:14.380 [ThreadPoolTaskScheduler-1] ERROR o.s.cloud.alibaba.nacos.discovery.NacosWatch - Error watching Nacos Service change
java.lang.IllegalStateException: failed to req API:/nacos/v1/ns/service/list after all servers([127.0.0.1:8848]) tried: failed to req API:http://127.0.0.1:8848/nacos/v1/ns/service/list. code:500 msg: java.net.ConnectException: Connection refused: connect
	at com.alibaba.nacos.client.naming.net.NamingProxy.reqAPI(NamingProxy.java:380)
	at com.alibaba.nacos.client.naming.net.NamingProxy.reqAPI(NamingProxy.java:346)
	at com.alibaba.nacos.client.naming.net.NamingProxy.reqAPI(NamingProxy.java:294)
	at com.alibaba.nacos.client.naming.net.NamingProxy.getServiceList(NamingProxy.java:276)
	at com.alibaba.nacos.client.naming.net.NamingProxy.getServiceList(NamingProxy.java:252)
	at com.alibaba.nacos.client.naming.NacosNamingService.getServicesOfServer(NacosNamingService.java:525)
	at org.springframework.cloud.alibaba.nacos.discovery.NacosWatch.nacosServicesWatch(NacosWatch.java:127)
	at org.springframework.scheduling.support.DelegatingErrorHandlingRunnable.run(DelegatingErrorHandlingRunnable.java:54)
	at java.util.concurrent.Executors$RunnableAdapter.call(Executors.java:511)
	at java.util.concurrent.FutureTask.runAndReset(FutureTask.java:308)
	at java.util.concurrent.ScheduledThreadPoolExecutor$ScheduledFutureTask.access$301(ScheduledThreadPoolExecutor.java:180)
	at java.util.concurrent.ScheduledThreadPoolExecutor$ScheduledFutureTask.run(ScheduledThreadPoolExecutor.java:294)
	at java.util.concurrent.ThreadPoolExecutor.runWorker(ThreadPoolExecutor.java:1149)
	at java.util.concurrent.ThreadPoolExecutor$Worker.run(ThreadPoolExecutor.java:624)
	at java.lang.Thread.run(Thread.java:748)
2022-07-23 11:48:46.432 [ThreadPoolTaskScheduler-1] ERROR o.s.cloud.alibaba.nacos.discovery.NacosWatch - Error watching Nacos Service change
java.lang.IllegalStateException: failed to req API:/nacos/v1/ns/service/list after all servers([127.0.0.1:8848]) tried: failed to req API:http://127.0.0.1:8848/nacos/v1/ns/service/list. code:500 msg: java.net.ConnectException: Connection refused: connect
	at com.alibaba.nacos.client.naming.net.NamingProxy.reqAPI(NamingProxy.java:380)
	at com.alibaba.nacos.client.naming.net.NamingProxy.reqAPI(NamingProxy.java:346)
	at com.alibaba.nacos.client.naming.net.NamingProxy.reqAPI(NamingProxy.java:294)
	at com.alibaba.nacos.client.naming.net.NamingProxy.getServiceList(NamingProxy.java:276)
	at com.alibaba.nacos.client.naming.net.NamingProxy.getServiceList(NamingProxy.java:252)
	at com.alibaba.nacos.client.naming.NacosNamingService.getServicesOfServer(NacosNamingService.java:525)
	at org.springframework.cloud.alibaba.nacos.discovery.NacosWatch.nacosServicesWatch(NacosWatch.java:127)
	at org.springframework.scheduling.support.DelegatingErrorHandlingRunnable.run(DelegatingErrorHandlingRunnable.java:54)
	at java.util.concurrent.Executors$RunnableAdapter.call(Executors.java:511)
	at java.util.concurrent.FutureTask.runAndReset(FutureTask.java:308)
	at java.util.concurrent.ScheduledThreadPoolExecutor$ScheduledFutureTask.access$301(ScheduledThreadPoolExecutor.java:180)
	at java.util.concurrent.ScheduledThreadPoolExecutor$ScheduledFutureTask.run(ScheduledThreadPoolExecutor.java:294)
	at java.util.concurrent.ThreadPoolExecutor.runWorker(ThreadPoolExecutor.java:1149)
	at java.util.concurrent.ThreadPoolExecutor$Worker.run(ThreadPoolExecutor.java:624)
	at java.lang.Thread.run(Thread.java:748)
2022-07-23 11:49:18.472 [ThreadPoolTaskScheduler-1] ERROR o.s.cloud.alibaba.nacos.discovery.NacosWatch - Error watching Nacos Service change
java.lang.IllegalStateException: failed to req API:/nacos/v1/ns/service/list after all servers([127.0.0.1:8848]) tried: failed to req API:http://127.0.0.1:8848/nacos/v1/ns/service/list. code:500 msg: java.net.ConnectException: Connection refused: connect
	at com.alibaba.nacos.client.naming.net.NamingProxy.reqAPI(NamingProxy.java:380)
	at com.alibaba.nacos.client.naming.net.NamingProxy.reqAPI(NamingProxy.java:346)
	at com.alibaba.nacos.client.naming.net.NamingProxy.reqAPI(NamingProxy.java:294)
	at com.alibaba.nacos.client.naming.net.NamingProxy.getServiceList(NamingProxy.java:276)
	at com.alibaba.nacos.client.naming.net.NamingProxy.getServiceList(NamingProxy.java:252)
	at com.alibaba.nacos.client.naming.NacosNamingService.getServicesOfServer(NacosNamingService.java:525)
	at org.springframework.cloud.alibaba.nacos.discovery.NacosWatch.nacosServicesWatch(NacosWatch.java:127)
	at org.springframework.scheduling.support.DelegatingErrorHandlingRunnable.run(DelegatingErrorHandlingRunnable.java:54)
	at java.util.concurrent.Executors$RunnableAdapter.call(Executors.java:511)
	at java.util.concurrent.FutureTask.runAndReset(FutureTask.java:308)
	at java.util.concurrent.ScheduledThreadPoolExecutor$ScheduledFutureTask.access$301(ScheduledThreadPoolExecutor.java:180)
	at java.util.concurrent.ScheduledThreadPoolExecutor$ScheduledFutureTask.run(ScheduledThreadPoolExecutor.java:294)
	at java.util.concurrent.ThreadPoolExecutor.runWorker(ThreadPoolExecutor.java:1149)
	at java.util.concurrent.ThreadPoolExecutor$Worker.run(ThreadPoolExecutor.java:624)
	at java.lang.Thread.run(Thread.java:748)
2022-07-23 11:49:50.499 [ThreadPoolTaskScheduler-1] ERROR o.s.cloud.alibaba.nacos.discovery.NacosWatch - Error watching Nacos Service change
java.lang.IllegalStateException: failed to req API:/nacos/v1/ns/service/list after all servers([127.0.0.1:8848]) tried: failed to req API:http://127.0.0.1:8848/nacos/v1/ns/service/list. code:500 msg: java.net.ConnectException: Connection refused: connect
	at com.alibaba.nacos.client.naming.net.NamingProxy.reqAPI(NamingProxy.java:380)
	at com.alibaba.nacos.client.naming.net.NamingProxy.reqAPI(NamingProxy.java:346)
	at com.alibaba.nacos.client.naming.net.NamingProxy.reqAPI(NamingProxy.java:294)
	at com.alibaba.nacos.client.naming.net.NamingProxy.getServiceList(NamingProxy.java:276)
	at com.alibaba.nacos.client.naming.net.NamingProxy.getServiceList(NamingProxy.java:252)
	at com.alibaba.nacos.client.naming.NacosNamingService.getServicesOfServer(NacosNamingService.java:525)
	at org.springframework.cloud.alibaba.nacos.discovery.NacosWatch.nacosServicesWatch(NacosWatch.java:127)
	at org.springframework.scheduling.support.DelegatingErrorHandlingRunnable.run(DelegatingErrorHandlingRunnable.java:54)
	at java.util.concurrent.Executors$RunnableAdapter.call(Executors.java:511)
	at java.util.concurrent.FutureTask.runAndReset(FutureTask.java:308)
	at java.util.concurrent.ScheduledThreadPoolExecutor$ScheduledFutureTask.access$301(ScheduledThreadPoolExecutor.java:180)
	at java.util.concurrent.ScheduledThreadPoolExecutor$ScheduledFutureTask.run(ScheduledThreadPoolExecutor.java:294)
	at java.util.concurrent.ThreadPoolExecutor.runWorker(ThreadPoolExecutor.java:1149)
	at java.util.concurrent.ThreadPoolExecutor$Worker.run(ThreadPoolExecutor.java:624)
	at java.lang.Thread.run(Thread.java:748)
2022-07-23 11:50:22.544 [ThreadPoolTaskScheduler-1] ERROR o.s.cloud.alibaba.nacos.discovery.NacosWatch - Error watching Nacos Service change
java.lang.IllegalStateException: failed to req API:/nacos/v1/ns/service/list after all servers([127.0.0.1:8848]) tried: failed to req API:http://127.0.0.1:8848/nacos/v1/ns/service/list. code:500 msg: java.net.ConnectException: Connection refused: connect
	at com.alibaba.nacos.client.naming.net.NamingProxy.reqAPI(NamingProxy.java:380)
	at com.alibaba.nacos.client.naming.net.NamingProxy.reqAPI(NamingProxy.java:346)
	at com.alibaba.nacos.client.naming.net.NamingProxy.reqAPI(NamingProxy.java:294)
	at com.alibaba.nacos.client.naming.net.NamingProxy.getServiceList(NamingProxy.java:276)
	at com.alibaba.nacos.client.naming.net.NamingProxy.getServiceList(NamingProxy.java:252)
	at com.alibaba.nacos.client.naming.NacosNamingService.getServicesOfServer(NacosNamingService.java:525)
	at org.springframework.cloud.alibaba.nacos.discovery.NacosWatch.nacosServicesWatch(NacosWatch.java:127)
	at org.springframework.scheduling.support.DelegatingErrorHandlingRunnable.run(DelegatingErrorHandlingRunnable.java:54)
	at java.util.concurrent.Executors$RunnableAdapter.call(Executors.java:511)
	at java.util.concurrent.FutureTask.runAndReset(FutureTask.java:308)
	at java.util.concurrent.ScheduledThreadPoolExecutor$ScheduledFutureTask.access$301(ScheduledThreadPoolExecutor.java:180)
	at java.util.concurrent.ScheduledThreadPoolExecutor$ScheduledFutureTask.run(ScheduledThreadPoolExecutor.java:294)
	at java.util.concurrent.ThreadPoolExecutor.runWorker(ThreadPoolExecutor.java:1149)
	at java.util.concurrent.ThreadPoolExecutor$Worker.run(ThreadPoolExecutor.java:624)
	at java.lang.Thread.run(Thread.java:748)
2022-07-23 11:50:54.575 [ThreadPoolTaskScheduler-1] ERROR o.s.cloud.alibaba.nacos.discovery.NacosWatch - Error watching Nacos Service change
java.lang.IllegalStateException: failed to req API:/nacos/v1/ns/service/list after all servers([127.0.0.1:8848]) tried: failed to req API:http://127.0.0.1:8848/nacos/v1/ns/service/list. code:500 msg: java.net.ConnectException: Connection refused: connect
	at com.alibaba.nacos.client.naming.net.NamingProxy.reqAPI(NamingProxy.java:380)
	at com.alibaba.nacos.client.naming.net.NamingProxy.reqAPI(NamingProxy.java:346)
	at com.alibaba.nacos.client.naming.net.NamingProxy.reqAPI(NamingProxy.java:294)
	at com.alibaba.nacos.client.naming.net.NamingProxy.getServiceList(NamingProxy.java:276)
	at com.alibaba.nacos.client.naming.net.NamingProxy.getServiceList(NamingProxy.java:252)
	at com.alibaba.nacos.client.naming.NacosNamingService.getServicesOfServer(NacosNamingService.java:525)
	at org.springframework.cloud.alibaba.nacos.discovery.NacosWatch.nacosServicesWatch(NacosWatch.java:127)
	at org.springframework.scheduling.support.DelegatingErrorHandlingRunnable.run(DelegatingErrorHandlingRunnable.java:54)
	at java.util.concurrent.Executors$RunnableAdapter.call(Executors.java:511)
	at java.util.concurrent.FutureTask.runAndReset(FutureTask.java:308)
	at java.util.concurrent.ScheduledThreadPoolExecutor$ScheduledFutureTask.access$301(ScheduledThreadPoolExecutor.java:180)
	at java.util.concurrent.ScheduledThreadPoolExecutor$ScheduledFutureTask.run(ScheduledThreadPoolExecutor.java:294)
	at java.util.concurrent.ThreadPoolExecutor.runWorker(ThreadPoolExecutor.java:1149)
	at java.util.concurrent.ThreadPoolExecutor$Worker.run(ThreadPoolExecutor.java:624)
	at java.lang.Thread.run(Thread.java:748)
2022-07-23 11:51:26.606 [ThreadPoolTaskScheduler-1] ERROR o.s.cloud.alibaba.nacos.discovery.NacosWatch - Error watching Nacos Service change
java.lang.IllegalStateException: failed to req API:/nacos/v1/ns/service/list after all servers([127.0.0.1:8848]) tried: failed to req API:http://127.0.0.1:8848/nacos/v1/ns/service/list. code:500 msg: java.net.ConnectException: Connection refused: connect
	at com.alibaba.nacos.client.naming.net.NamingProxy.reqAPI(NamingProxy.java:380)
	at com.alibaba.nacos.client.naming.net.NamingProxy.reqAPI(NamingProxy.java:346)
	at com.alibaba.nacos.client.naming.net.NamingProxy.reqAPI(NamingProxy.java:294)
	at com.alibaba.nacos.client.naming.net.NamingProxy.getServiceList(NamingProxy.java:276)
	at com.alibaba.nacos.client.naming.net.NamingProxy.getServiceList(NamingProxy.java:252)
	at com.alibaba.nacos.client.naming.NacosNamingService.getServicesOfServer(NacosNamingService.java:525)
	at org.springframework.cloud.alibaba.nacos.discovery.NacosWatch.nacosServicesWatch(NacosWatch.java:127)
	at org.springframework.scheduling.support.DelegatingErrorHandlingRunnable.run(DelegatingErrorHandlingRunnable.java:54)
	at java.util.concurrent.Executors$RunnableAdapter.call(Executors.java:511)
	at java.util.concurrent.FutureTask.runAndReset(FutureTask.java:308)
	at java.util.concurrent.ScheduledThreadPoolExecutor$ScheduledFutureTask.access$301(ScheduledThreadPoolExecutor.java:180)
	at java.util.concurrent.ScheduledThreadPoolExecutor$ScheduledFutureTask.run(ScheduledThreadPoolExecutor.java:294)
	at java.util.concurrent.ThreadPoolExecutor.runWorker(ThreadPoolExecutor.java:1149)
	at java.util.concurrent.ThreadPoolExecutor$Worker.run(ThreadPoolExecutor.java:624)
	at java.lang.Thread.run(Thread.java:748)
2022-07-23 11:51:58.637 [ThreadPoolTaskScheduler-1] ERROR o.s.cloud.alibaba.nacos.discovery.NacosWatch - Error watching Nacos Service change
java.lang.IllegalStateException: failed to req API:/nacos/v1/ns/service/list after all servers([127.0.0.1:8848]) tried: failed to req API:http://127.0.0.1:8848/nacos/v1/ns/service/list. code:500 msg: java.net.ConnectException: Connection refused: connect
	at com.alibaba.nacos.client.naming.net.NamingProxy.reqAPI(NamingProxy.java:380)
	at com.alibaba.nacos.client.naming.net.NamingProxy.reqAPI(NamingProxy.java:346)
	at com.alibaba.nacos.client.naming.net.NamingProxy.reqAPI(NamingProxy.java:294)
	at com.alibaba.nacos.client.naming.net.NamingProxy.getServiceList(NamingProxy.java:276)
	at com.alibaba.nacos.client.naming.net.NamingProxy.getServiceList(NamingProxy.java:252)
	at com.alibaba.nacos.client.naming.NacosNamingService.getServicesOfServer(NacosNamingService.java:525)
	at org.springframework.cloud.alibaba.nacos.discovery.NacosWatch.nacosServicesWatch(NacosWatch.java:127)
	at org.springframework.scheduling.support.DelegatingErrorHandlingRunnable.run(DelegatingErrorHandlingRunnable.java:54)
	at java.util.concurrent.Executors$RunnableAdapter.call(Executors.java:511)
	at java.util.concurrent.FutureTask.runAndReset(FutureTask.java:308)
	at java.util.concurrent.ScheduledThreadPoolExecutor$ScheduledFutureTask.access$301(ScheduledThreadPoolExecutor.java:180)
	at java.util.concurrent.ScheduledThreadPoolExecutor$ScheduledFutureTask.run(ScheduledThreadPoolExecutor.java:294)
	at java.util.concurrent.ThreadPoolExecutor.runWorker(ThreadPoolExecutor.java:1149)
	at java.util.concurrent.ThreadPoolExecutor$Worker.run(ThreadPoolExecutor.java:624)
	at java.lang.Thread.run(Thread.java:748)
2022-07-23 11:52:30.682 [ThreadPoolTaskScheduler-1] ERROR o.s.cloud.alibaba.nacos.discovery.NacosWatch - Error watching Nacos Service change
java.lang.IllegalStateException: failed to req API:/nacos/v1/ns/service/list after all servers([127.0.0.1:8848]) tried: failed to req API:http://127.0.0.1:8848/nacos/v1/ns/service/list. code:500 msg: java.net.ConnectException: Connection refused: connect
	at com.alibaba.nacos.client.naming.net.NamingProxy.reqAPI(NamingProxy.java:380)
	at com.alibaba.nacos.client.naming.net.NamingProxy.reqAPI(NamingProxy.java:346)
	at com.alibaba.nacos.client.naming.net.NamingProxy.reqAPI(NamingProxy.java:294)
	at com.alibaba.nacos.client.naming.net.NamingProxy.getServiceList(NamingProxy.java:276)
	at com.alibaba.nacos.client.naming.net.NamingProxy.getServiceList(NamingProxy.java:252)
	at com.alibaba.nacos.client.naming.NacosNamingService.getServicesOfServer(NacosNamingService.java:525)
	at org.springframework.cloud.alibaba.nacos.discovery.NacosWatch.nacosServicesWatch(NacosWatch.java:127)
	at org.springframework.scheduling.support.DelegatingErrorHandlingRunnable.run(DelegatingErrorHandlingRunnable.java:54)
	at java.util.concurrent.Executors$RunnableAdapter.call(Executors.java:511)
	at java.util.concurrent.FutureTask.runAndReset(FutureTask.java:308)
	at java.util.concurrent.ScheduledThreadPoolExecutor$ScheduledFutureTask.access$301(ScheduledThreadPoolExecutor.java:180)
	at java.util.concurrent.ScheduledThreadPoolExecutor$ScheduledFutureTask.run(ScheduledThreadPoolExecutor.java:294)
	at java.util.concurrent.ThreadPoolExecutor.runWorker(ThreadPoolExecutor.java:1149)
	at java.util.concurrent.ThreadPoolExecutor$Worker.run(ThreadPoolExecutor.java:624)
	at java.lang.Thread.run(Thread.java:748)
2022-07-23 11:53:02.715 [ThreadPoolTaskScheduler-1] ERROR o.s.cloud.alibaba.nacos.discovery.NacosWatch - Error watching Nacos Service change
java.lang.IllegalStateException: failed to req API:/nacos/v1/ns/service/list after all servers([127.0.0.1:8848]) tried: failed to req API:http://127.0.0.1:8848/nacos/v1/ns/service/list. code:500 msg: java.net.ConnectException: Connection refused: connect
	at com.alibaba.nacos.client.naming.net.NamingProxy.reqAPI(NamingProxy.java:380)
	at com.alibaba.nacos.client.naming.net.NamingProxy.reqAPI(NamingProxy.java:346)
	at com.alibaba.nacos.client.naming.net.NamingProxy.reqAPI(NamingProxy.java:294)
	at com.alibaba.nacos.client.naming.net.NamingProxy.getServiceList(NamingProxy.java:276)
	at com.alibaba.nacos.client.naming.net.NamingProxy.getServiceList(NamingProxy.java:252)
	at com.alibaba.nacos.client.naming.NacosNamingService.getServicesOfServer(NacosNamingService.java:525)
	at org.springframework.cloud.alibaba.nacos.discovery.NacosWatch.nacosServicesWatch(NacosWatch.java:127)
	at org.springframework.scheduling.support.DelegatingErrorHandlingRunnable.run(DelegatingErrorHandlingRunnable.java:54)
	at java.util.concurrent.Executors$RunnableAdapter.call(Executors.java:511)
	at java.util.concurrent.FutureTask.runAndReset(FutureTask.java:308)
	at java.util.concurrent.ScheduledThreadPoolExecutor$ScheduledFutureTask.access$301(ScheduledThreadPoolExecutor.java:180)
	at java.util.concurrent.ScheduledThreadPoolExecutor$ScheduledFutureTask.run(ScheduledThreadPoolExecutor.java:294)
	at java.util.concurrent.ThreadPoolExecutor.runWorker(ThreadPoolExecutor.java:1149)
	at java.util.concurrent.ThreadPoolExecutor$Worker.run(ThreadPoolExecutor.java:624)
	at java.lang.Thread.run(Thread.java:748)
2022-07-23 11:53:34.754 [ThreadPoolTaskScheduler-1] ERROR o.s.cloud.alibaba.nacos.discovery.NacosWatch - Error watching Nacos Service change
java.lang.IllegalStateException: failed to req API:/nacos/v1/ns/service/list after all servers([127.0.0.1:8848]) tried: failed to req API:http://127.0.0.1:8848/nacos/v1/ns/service/list. code:500 msg: java.net.ConnectException: Connection refused: connect
	at com.alibaba.nacos.client.naming.net.NamingProxy.reqAPI(NamingProxy.java:380)
	at com.alibaba.nacos.client.naming.net.NamingProxy.reqAPI(NamingProxy.java:346)
	at com.alibaba.nacos.client.naming.net.NamingProxy.reqAPI(NamingProxy.java:294)
	at com.alibaba.nacos.client.naming.net.NamingProxy.getServiceList(NamingProxy.java:276)
	at com.alibaba.nacos.client.naming.net.NamingProxy.getServiceList(NamingProxy.java:252)
	at com.alibaba.nacos.client.naming.NacosNamingService.getServicesOfServer(NacosNamingService.java:525)
	at org.springframework.cloud.alibaba.nacos.discovery.NacosWatch.nacosServicesWatch(NacosWatch.java:127)
	at org.springframework.scheduling.support.DelegatingErrorHandlingRunnable.run(DelegatingErrorHandlingRunnable.java:54)
	at java.util.concurrent.Executors$RunnableAdapter.call(Executors.java:511)
	at java.util.concurrent.FutureTask.runAndReset(FutureTask.java:308)
	at java.util.concurrent.ScheduledThreadPoolExecutor$ScheduledFutureTask.access$301(ScheduledThreadPoolExecutor.java:180)
	at java.util.concurrent.ScheduledThreadPoolExecutor$ScheduledFutureTask.run(ScheduledThreadPoolExecutor.java:294)
	at java.util.concurrent.ThreadPoolExecutor.runWorker(ThreadPoolExecutor.java:1149)
	at java.util.concurrent.ThreadPoolExecutor$Worker.run(ThreadPoolExecutor.java:624)
	at java.lang.Thread.run(Thread.java:748)
2022-07-23 11:54:06.795 [ThreadPoolTaskScheduler-1] ERROR o.s.cloud.alibaba.nacos.discovery.NacosWatch - Error watching Nacos Service change
java.lang.IllegalStateException: failed to req API:/nacos/v1/ns/service/list after all servers([127.0.0.1:8848]) tried: failed to req API:http://127.0.0.1:8848/nacos/v1/ns/service/list. code:500 msg: java.net.ConnectException: Connection refused: connect
	at com.alibaba.nacos.client.naming.net.NamingProxy.reqAPI(NamingProxy.java:380)
	at com.alibaba.nacos.client.naming.net.NamingProxy.reqAPI(NamingProxy.java:346)
	at com.alibaba.nacos.client.naming.net.NamingProxy.reqAPI(NamingProxy.java:294)
	at com.alibaba.nacos.client.naming.net.NamingProxy.getServiceList(NamingProxy.java:276)
	at com.alibaba.nacos.client.naming.net.NamingProxy.getServiceList(NamingProxy.java:252)
	at com.alibaba.nacos.client.naming.NacosNamingService.getServicesOfServer(NacosNamingService.java:525)
	at org.springframework.cloud.alibaba.nacos.discovery.NacosWatch.nacosServicesWatch(NacosWatch.java:127)
	at org.springframework.scheduling.support.DelegatingErrorHandlingRunnable.run(DelegatingErrorHandlingRunnable.java:54)
	at java.util.concurrent.Executors$RunnableAdapter.call(Executors.java:511)
	at java.util.concurrent.FutureTask.runAndReset(FutureTask.java:308)
	at java.util.concurrent.ScheduledThreadPoolExecutor$ScheduledFutureTask.access$301(ScheduledThreadPoolExecutor.java:180)
	at java.util.concurrent.ScheduledThreadPoolExecutor$ScheduledFutureTask.run(ScheduledThreadPoolExecutor.java:294)
	at java.util.concurrent.ThreadPoolExecutor.runWorker(ThreadPoolExecutor.java:1149)
	at java.util.concurrent.ThreadPoolExecutor$Worker.run(ThreadPoolExecutor.java:624)
	at java.lang.Thread.run(Thread.java:748)
2022-07-23 11:54:38.829 [ThreadPoolTaskScheduler-1] ERROR o.s.cloud.alibaba.nacos.discovery.NacosWatch - Error watching Nacos Service change
java.lang.IllegalStateException: failed to req API:/nacos/v1/ns/service/list after all servers([127.0.0.1:8848]) tried: failed to req API:http://127.0.0.1:8848/nacos/v1/ns/service/list. code:500 msg: java.net.ConnectException: Connection refused: connect
	at com.alibaba.nacos.client.naming.net.NamingProxy.reqAPI(NamingProxy.java:380)
	at com.alibaba.nacos.client.naming.net.NamingProxy.reqAPI(NamingProxy.java:346)
	at com.alibaba.nacos.client.naming.net.NamingProxy.reqAPI(NamingProxy.java:294)
	at com.alibaba.nacos.client.naming.net.NamingProxy.getServiceList(NamingProxy.java:276)
	at com.alibaba.nacos.client.naming.net.NamingProxy.getServiceList(NamingProxy.java:252)
	at com.alibaba.nacos.client.naming.NacosNamingService.getServicesOfServer(NacosNamingService.java:525)
	at org.springframework.cloud.alibaba.nacos.discovery.NacosWatch.nacosServicesWatch(NacosWatch.java:127)
	at org.springframework.scheduling.support.DelegatingErrorHandlingRunnable.run(DelegatingErrorHandlingRunnable.java:54)
	at java.util.concurrent.Executors$RunnableAdapter.call(Executors.java:511)
	at java.util.concurrent.FutureTask.runAndReset(FutureTask.java:308)
	at java.util.concurrent.ScheduledThreadPoolExecutor$ScheduledFutureTask.access$301(ScheduledThreadPoolExecutor.java:180)
	at java.util.concurrent.ScheduledThreadPoolExecutor$ScheduledFutureTask.run(ScheduledThreadPoolExecutor.java:294)
	at java.util.concurrent.ThreadPoolExecutor.runWorker(ThreadPoolExecutor.java:1149)
	at java.util.concurrent.ThreadPoolExecutor$Worker.run(ThreadPoolExecutor.java:624)
	at java.lang.Thread.run(Thread.java:748)
2022-07-23 11:55:10.872 [ThreadPoolTaskScheduler-1] ERROR o.s.cloud.alibaba.nacos.discovery.NacosWatch - Error watching Nacos Service change
java.lang.IllegalStateException: failed to req API:/nacos/v1/ns/service/list after all servers([127.0.0.1:8848]) tried: failed to req API:http://127.0.0.1:8848/nacos/v1/ns/service/list. code:500 msg: java.net.ConnectException: Connection refused: connect
	at com.alibaba.nacos.client.naming.net.NamingProxy.reqAPI(NamingProxy.java:380)
	at com.alibaba.nacos.client.naming.net.NamingProxy.reqAPI(NamingProxy.java:346)
	at com.alibaba.nacos.client.naming.net.NamingProxy.reqAPI(NamingProxy.java:294)
	at com.alibaba.nacos.client.naming.net.NamingProxy.getServiceList(NamingProxy.java:276)
	at com.alibaba.nacos.client.naming.net.NamingProxy.getServiceList(NamingProxy.java:252)
	at com.alibaba.nacos.client.naming.NacosNamingService.getServicesOfServer(NacosNamingService.java:525)
	at org.springframework.cloud.alibaba.nacos.discovery.NacosWatch.nacosServicesWatch(NacosWatch.java:127)
	at org.springframework.scheduling.support.DelegatingErrorHandlingRunnable.run(DelegatingErrorHandlingRunnable.java:54)
	at java.util.concurrent.Executors$RunnableAdapter.call(Executors.java:511)
	at java.util.concurrent.FutureTask.runAndReset(FutureTask.java:308)
	at java.util.concurrent.ScheduledThreadPoolExecutor$ScheduledFutureTask.access$301(ScheduledThreadPoolExecutor.java:180)
	at java.util.concurrent.ScheduledThreadPoolExecutor$ScheduledFutureTask.run(ScheduledThreadPoolExecutor.java:294)
	at java.util.concurrent.ThreadPoolExecutor.runWorker(ThreadPoolExecutor.java:1149)
	at java.util.concurrent.ThreadPoolExecutor$Worker.run(ThreadPoolExecutor.java:624)
	at java.lang.Thread.run(Thread.java:748)
2022-07-23 11:55:42.916 [ThreadPoolTaskScheduler-1] ERROR o.s.cloud.alibaba.nacos.discovery.NacosWatch - Error watching Nacos Service change
java.lang.IllegalStateException: failed to req API:/nacos/v1/ns/service/list after all servers([127.0.0.1:8848]) tried: failed to req API:http://127.0.0.1:8848/nacos/v1/ns/service/list. code:500 msg: java.net.ConnectException: Connection refused: connect
	at com.alibaba.nacos.client.naming.net.NamingProxy.reqAPI(NamingProxy.java:380)
	at com.alibaba.nacos.client.naming.net.NamingProxy.reqAPI(NamingProxy.java:346)
	at com.alibaba.nacos.client.naming.net.NamingProxy.reqAPI(NamingProxy.java:294)
	at com.alibaba.nacos.client.naming.net.NamingProxy.getServiceList(NamingProxy.java:276)
	at com.alibaba.nacos.client.naming.net.NamingProxy.getServiceList(NamingProxy.java:252)
	at com.alibaba.nacos.client.naming.NacosNamingService.getServicesOfServer(NacosNamingService.java:525)
	at org.springframework.cloud.alibaba.nacos.discovery.NacosWatch.nacosServicesWatch(NacosWatch.java:127)
	at org.springframework.scheduling.support.DelegatingErrorHandlingRunnable.run(DelegatingErrorHandlingRunnable.java:54)
	at java.util.concurrent.Executors$RunnableAdapter.call(Executors.java:511)
	at java.util.concurrent.FutureTask.runAndReset(FutureTask.java:308)
	at java.util.concurrent.ScheduledThreadPoolExecutor$ScheduledFutureTask.access$301(ScheduledThreadPoolExecutor.java:180)
	at java.util.concurrent.ScheduledThreadPoolExecutor$ScheduledFutureTask.run(ScheduledThreadPoolExecutor.java:294)
	at java.util.concurrent.ThreadPoolExecutor.runWorker(ThreadPoolExecutor.java:1149)
	at java.util.concurrent.ThreadPoolExecutor$Worker.run(ThreadPoolExecutor.java:624)
	at java.lang.Thread.run(Thread.java:748)
2022-07-23 11:56:14.957 [ThreadPoolTaskScheduler-1] ERROR o.s.cloud.alibaba.nacos.discovery.NacosWatch - Error watching Nacos Service change
java.lang.IllegalStateException: failed to req API:/nacos/v1/ns/service/list after all servers([127.0.0.1:8848]) tried: failed to req API:http://127.0.0.1:8848/nacos/v1/ns/service/list. code:500 msg: java.net.ConnectException: Connection refused: connect
	at com.alibaba.nacos.client.naming.net.NamingProxy.reqAPI(NamingProxy.java:380)
	at com.alibaba.nacos.client.naming.net.NamingProxy.reqAPI(NamingProxy.java:346)
	at com.alibaba.nacos.client.naming.net.NamingProxy.reqAPI(NamingProxy.java:294)
	at com.alibaba.nacos.client.naming.net.NamingProxy.getServiceList(NamingProxy.java:276)
	at com.alibaba.nacos.client.naming.net.NamingProxy.getServiceList(NamingProxy.java:252)
	at com.alibaba.nacos.client.naming.NacosNamingService.getServicesOfServer(NacosNamingService.java:525)
	at org.springframework.cloud.alibaba.nacos.discovery.NacosWatch.nacosServicesWatch(NacosWatch.java:127)
	at org.springframework.scheduling.support.DelegatingErrorHandlingRunnable.run(DelegatingErrorHandlingRunnable.java:54)
	at java.util.concurrent.Executors$RunnableAdapter.call(Executors.java:511)
	at java.util.concurrent.FutureTask.runAndReset(FutureTask.java:308)
	at java.util.concurrent.ScheduledThreadPoolExecutor$ScheduledFutureTask.access$301(ScheduledThreadPoolExecutor.java:180)
	at java.util.concurrent.ScheduledThreadPoolExecutor$ScheduledFutureTask.run(ScheduledThreadPoolExecutor.java:294)
	at java.util.concurrent.ThreadPoolExecutor.runWorker(ThreadPoolExecutor.java:1149)
	at java.util.concurrent.ThreadPoolExecutor$Worker.run(ThreadPoolExecutor.java:624)
	at java.lang.Thread.run(Thread.java:748)
2022-07-23 11:56:22.368 [SpringContextShutdownHook] ERROR o.s.c.alibaba.nacos.registry.NacosServiceRegistry - ERR_NACOS_DEREGISTER, de-register failed...NacosRegistration{nacosDiscoveryProperties=NacosDiscoveryProperties{serverAddr='127.0.0.1:8848', endpoint='', namespace='', watchDelay=30000, logName='', service='service-vod', weight=1.0, clusterName='DEFAULT', namingLoadCacheAtStart='false', metadata={preserved.register.source=SPRING_CLOUD}, registerEnabled=true, ip='192.168.0.103', networkInterface='', port=8003, secure=false, accessKey='', secretKey=''}},
java.lang.IllegalStateException: failed to req API:/nacos/v1/ns/instance after all servers([127.0.0.1:8848]) tried: failed to req API:http://127.0.0.1:8848/nacos/v1/ns/instance. code:500 msg: java.net.ConnectException: Connection refused: connect
	at com.alibaba.nacos.client.naming.net.NamingProxy.reqAPI(NamingProxy.java:380)
	at com.alibaba.nacos.client.naming.net.NamingProxy.reqAPI(NamingProxy.java:304)
	at com.alibaba.nacos.client.naming.net.NamingProxy.deregisterService(NamingProxy.java:203)
	at com.alibaba.nacos.client.naming.NacosNamingService.deregisterInstance(NacosNamingService.java:329)
	at com.alibaba.nacos.client.naming.NacosNamingService.deregisterInstance(NacosNamingService.java:323)
	at com.alibaba.nacos.client.naming.NacosNamingService.deregisterInstance(NacosNamingService.java:313)
	at org.springframework.cloud.alibaba.nacos.registry.NacosServiceRegistry.deregister(NacosServiceRegistry.java:87)
	at org.springframework.cloud.client.serviceregistry.AbstractAutoServiceRegistration.deregister(AbstractAutoServiceRegistration.java:256)
	at org.springframework.cloud.client.serviceregistry.AbstractAutoServiceRegistration.stop(AbstractAutoServiceRegistration.java:271)
	at org.springframework.cloud.client.serviceregistry.AbstractAutoServiceRegistration.destroy(AbstractAutoServiceRegistration.java:208)
	at sun.reflect.NativeMethodAccessorImpl.invoke0(Native Method)
	at sun.reflect.NativeMethodAccessorImpl.invoke(NativeMethodAccessorImpl.java:62)
	at sun.reflect.DelegatingMethodAccessorImpl.invoke(DelegatingMethodAccessorImpl.java:43)
	at java.lang.reflect.Method.invoke(Method.java:498)
	at org.springframework.beans.factory.annotation.InitDestroyAnnotationBeanPostProcessor$LifecycleElement.invoke(InitDestroyAnnotationBeanPostProcessor.java:389)
	at org.springframework.beans.factory.annotation.InitDestroyAnnotationBeanPostProcessor$LifecycleMetadata.invokeDestroyMethods(InitDestroyAnnotationBeanPostProcessor.java:347)
	at org.springframework.beans.factory.annotation.InitDestroyAnnotationBeanPostProcessor.postProcessBeforeDestruction(InitDestroyAnnotationBeanPostProcessor.java:177)
	at org.springframework.beans.factory.support.DisposableBeanAdapter.destroy(DisposableBeanAdapter.java:242)
	at org.springframework.beans.factory.support.DefaultSingletonBeanRegistry.destroyBean(DefaultSingletonBeanRegistry.java:571)
	at org.springframework.beans.factory.support.DefaultSingletonBeanRegistry.destroySingleton(DefaultSingletonBeanRegistry.java:543)
	at org.springframework.beans.factory.support.DefaultListableBeanFactory.destroySingleton(DefaultListableBeanFactory.java:1072)
	at org.springframework.beans.factory.support.DefaultSingletonBeanRegistry.destroySingletons(DefaultSingletonBeanRegistry.java:504)
	at org.springframework.beans.factory.support.DefaultListableBeanFactory.destroySingletons(DefaultListableBeanFactory.java:1065)
	at org.springframework.context.support.AbstractApplicationContext.destroyBeans(AbstractApplicationContext.java:1060)
	at org.springframework.context.support.AbstractApplicationContext.doClose(AbstractApplicationContext.java:1029)
	at org.springframework.context.support.AbstractApplicationContext$1.run(AbstractApplicationContext.java:948)
2022-07-23 11:56:40.478 [ThreadPoolTaskScheduler-1] ERROR o.s.cloud.alibaba.nacos.discovery.NacosWatch - Error watching Nacos Service change
java.lang.IllegalStateException: failed to req API:/nacos/v1/ns/service/list after all servers([127.0.0.1:8848]) tried: failed to req API:http://127.0.0.1:8848/nacos/v1/ns/service/list. code:500 msg: java.net.ConnectException: Connection refused: connect
	at com.alibaba.nacos.client.naming.net.NamingProxy.reqAPI(NamingProxy.java:380)
	at com.alibaba.nacos.client.naming.net.NamingProxy.reqAPI(NamingProxy.java:346)
	at com.alibaba.nacos.client.naming.net.NamingProxy.reqAPI(NamingProxy.java:294)
	at com.alibaba.nacos.client.naming.net.NamingProxy.getServiceList(NamingProxy.java:276)
	at com.alibaba.nacos.client.naming.net.NamingProxy.getServiceList(NamingProxy.java:252)
	at com.alibaba.nacos.client.naming.NacosNamingService.getServicesOfServer(NacosNamingService.java:525)
	at org.springframework.cloud.alibaba.nacos.discovery.NacosWatch.nacosServicesWatch(NacosWatch.java:127)
	at org.springframework.scheduling.support.DelegatingErrorHandlingRunnable.run(DelegatingErrorHandlingRunnable.java:54)
	at java.util.concurrent.Executors$RunnableAdapter.call(Executors.java:511)
	at java.util.concurrent.FutureTask.runAndReset(FutureTask.java:308)
	at java.util.concurrent.ScheduledThreadPoolExecutor$ScheduledFutureTask.access$301(ScheduledThreadPoolExecutor.java:180)
	at java.util.concurrent.ScheduledThreadPoolExecutor$ScheduledFutureTask.run(ScheduledThreadPoolExecutor.java:294)
	at java.util.concurrent.ThreadPoolExecutor.runWorker(ThreadPoolExecutor.java:1149)
	at java.util.concurrent.ThreadPoolExecutor$Worker.run(ThreadPoolExecutor.java:624)
	at java.lang.Thread.run(Thread.java:748)
2022-07-23 11:56:40.679 [main] ERROR o.s.c.alibaba.nacos.registry.NacosServiceRegistry - nacos registry, service-vod register failed...NacosRegistration{nacosDiscoveryProperties=NacosDiscoveryProperties{serverAddr='127.0.0.1:8848', endpoint='', namespace='', watchDelay=30000, logName='', service='service-vod', weight=1.0, clusterName='DEFAULT', namingLoadCacheAtStart='false', metadata={preserved.register.source=SPRING_CLOUD}, registerEnabled=true, ip='192.168.0.103', networkInterface='', port=8003, secure=false, accessKey='', secretKey=''}},
java.lang.IllegalStateException: failed to req API:/nacos/v1/ns/instance after all servers([127.0.0.1:8848]) tried: failed to req API:http://127.0.0.1:8848/nacos/v1/ns/instance. code:500 msg: java.net.ConnectException: Connection refused: connect
	at com.alibaba.nacos.client.naming.net.NamingProxy.reqAPI(NamingProxy.java:380)
	at com.alibaba.nacos.client.naming.net.NamingProxy.reqAPI(NamingProxy.java:304)
	at com.alibaba.nacos.client.naming.net.NamingProxy.registerService(NamingProxy.java:186)
	at com.alibaba.nacos.client.naming.NacosNamingService.registerInstance(NacosNamingService.java:298)
	at com.alibaba.nacos.client.naming.NacosNamingService.registerInstance(NacosNamingService.java:279)
	at org.springframework.cloud.alibaba.nacos.registry.NacosServiceRegistry.register(NacosServiceRegistry.java:63)
	at org.springframework.cloud.client.serviceregistry.AbstractAutoServiceRegistration.register(AbstractAutoServiceRegistration.java:239)
	at org.springframework.cloud.alibaba.nacos.registry.NacosAutoServiceRegistration.register(NacosAutoServiceRegistration.java:74)
	at org.springframework.cloud.client.serviceregistry.AbstractAutoServiceRegistration.start(AbstractAutoServiceRegistration.java:138)
	at org.springframework.cloud.client.serviceregistry.AbstractAutoServiceRegistration.bind(AbstractAutoServiceRegistration.java:101)
	at org.springframework.cloud.client.serviceregistry.AbstractAutoServiceRegistration.onApplicationEvent(AbstractAutoServiceRegistration.java:88)
	at org.springframework.cloud.client.serviceregistry.AbstractAutoServiceRegistration.onApplicationEvent(AbstractAutoServiceRegistration.java:47)
	at org.springframework.context.event.SimpleApplicationEventMulticaster.doInvokeListener(SimpleApplicationEventMulticaster.java:172)
	at org.springframework.context.event.SimpleApplicationEventMulticaster.invokeListener(SimpleApplicationEventMulticaster.java:165)
	at org.springframework.context.event.SimpleApplicationEventMulticaster.multicastEvent(SimpleApplicationEventMulticaster.java:139)
	at org.springframework.context.support.AbstractApplicationContext.publishEvent(AbstractApplicationContext.java:403)
	at org.springframework.context.support.AbstractApplicationContext.publishEvent(AbstractApplicationContext.java:360)
	at org.springframework.boot.web.servlet.context.ServletWebServerApplicationContext.finishRefresh(ServletWebServerApplicationContext.java:165)
	at org.springframework.context.support.AbstractApplicationContext.refresh(AbstractApplicationContext.java:553)
	at org.springframework.boot.web.servlet.context.ServletWebServerApplicationContext.refresh(ServletWebServerApplicationContext.java:141)
	at org.springframework.boot.SpringApplication.refresh(SpringApplication.java:747)
	at org.springframework.boot.SpringApplication.refreshContext(SpringApplication.java:397)
	at org.springframework.boot.SpringApplication.run(SpringApplication.java:315)
	at org.springframework.boot.SpringApplication.run(SpringApplication.java:1226)
	at org.springframework.boot.SpringApplication.run(SpringApplication.java:1215)
	at com.example.servicevod.VodApplication.main(VodApplication.java:14)
2022-07-23 11:57:12.510 [ThreadPoolTaskScheduler-1] ERROR o.s.cloud.alibaba.nacos.discovery.NacosWatch - Error watching Nacos Service change
java.lang.IllegalStateException: failed to req API:/nacos/v1/ns/service/list after all servers([127.0.0.1:8848]) tried: failed to req API:http://127.0.0.1:8848/nacos/v1/ns/service/list. code:500 msg: java.net.ConnectException: Connection refused: connect
	at com.alibaba.nacos.client.naming.net.NamingProxy.reqAPI(NamingProxy.java:380)
	at com.alibaba.nacos.client.naming.net.NamingProxy.reqAPI(NamingProxy.java:346)
	at com.alibaba.nacos.client.naming.net.NamingProxy.reqAPI(NamingProxy.java:294)
	at com.alibaba.nacos.client.naming.net.NamingProxy.getServiceList(NamingProxy.java:276)
	at com.alibaba.nacos.client.naming.net.NamingProxy.getServiceList(NamingProxy.java:252)
	at com.alibaba.nacos.client.naming.NacosNamingService.getServicesOfServer(NacosNamingService.java:525)
	at org.springframework.cloud.alibaba.nacos.discovery.NacosWatch.nacosServicesWatch(NacosWatch.java:127)
	at org.springframework.scheduling.support.DelegatingErrorHandlingRunnable.run(DelegatingErrorHandlingRunnable.java:54)
	at java.util.concurrent.Executors$RunnableAdapter.call(Executors.java:511)
	at java.util.concurrent.FutureTask.runAndReset(FutureTask.java:308)
	at java.util.concurrent.ScheduledThreadPoolExecutor$ScheduledFutureTask.access$301(ScheduledThreadPoolExecutor.java:180)
	at java.util.concurrent.ScheduledThreadPoolExecutor$ScheduledFutureTask.run(ScheduledThreadPoolExecutor.java:294)
	at java.util.concurrent.ThreadPoolExecutor.runWorker(ThreadPoolExecutor.java:1149)
	at java.util.concurrent.ThreadPoolExecutor$Worker.run(ThreadPoolExecutor.java:624)
	at java.lang.Thread.run(Thread.java:748)
2022-07-23 11:57:44.540 [ThreadPoolTaskScheduler-1] ERROR o.s.cloud.alibaba.nacos.discovery.NacosWatch - Error watching Nacos Service change
java.lang.IllegalStateException: failed to req API:/nacos/v1/ns/service/list after all servers([127.0.0.1:8848]) tried: failed to req API:http://127.0.0.1:8848/nacos/v1/ns/service/list. code:500 msg: java.net.ConnectException: Connection refused: connect
	at com.alibaba.nacos.client.naming.net.NamingProxy.reqAPI(NamingProxy.java:380)
	at com.alibaba.nacos.client.naming.net.NamingProxy.reqAPI(NamingProxy.java:346)
	at com.alibaba.nacos.client.naming.net.NamingProxy.reqAPI(NamingProxy.java:294)
	at com.alibaba.nacos.client.naming.net.NamingProxy.getServiceList(NamingProxy.java:276)
	at com.alibaba.nacos.client.naming.net.NamingProxy.getServiceList(NamingProxy.java:252)
	at com.alibaba.nacos.client.naming.NacosNamingService.getServicesOfServer(NacosNamingService.java:525)
	at org.springframework.cloud.alibaba.nacos.discovery.NacosWatch.nacosServicesWatch(NacosWatch.java:127)
	at org.springframework.scheduling.support.DelegatingErrorHandlingRunnable.run(DelegatingErrorHandlingRunnable.java:54)
	at java.util.concurrent.Executors$RunnableAdapter.call(Executors.java:511)
	at java.util.concurrent.FutureTask.runAndReset(FutureTask.java:308)
	at java.util.concurrent.ScheduledThreadPoolExecutor$ScheduledFutureTask.access$301(ScheduledThreadPoolExecutor.java:180)
	at java.util.concurrent.ScheduledThreadPoolExecutor$ScheduledFutureTask.run(ScheduledThreadPoolExecutor.java:294)
	at java.util.concurrent.ThreadPoolExecutor.runWorker(ThreadPoolExecutor.java:1149)
	at java.util.concurrent.ThreadPoolExecutor$Worker.run(ThreadPoolExecutor.java:624)
	at java.lang.Thread.run(Thread.java:748)
2022-07-23 11:58:16.564 [ThreadPoolTaskScheduler-1] ERROR o.s.cloud.alibaba.nacos.discovery.NacosWatch - Error watching Nacos Service change
java.lang.IllegalStateException: failed to req API:/nacos/v1/ns/service/list after all servers([127.0.0.1:8848]) tried: failed to req API:http://127.0.0.1:8848/nacos/v1/ns/service/list. code:500 msg: java.net.ConnectException: Connection refused: connect
	at com.alibaba.nacos.client.naming.net.NamingProxy.reqAPI(NamingProxy.java:380)
	at com.alibaba.nacos.client.naming.net.NamingProxy.reqAPI(NamingProxy.java:346)
	at com.alibaba.nacos.client.naming.net.NamingProxy.reqAPI(NamingProxy.java:294)
	at com.alibaba.nacos.client.naming.net.NamingProxy.getServiceList(NamingProxy.java:276)
	at com.alibaba.nacos.client.naming.net.NamingProxy.getServiceList(NamingProxy.java:252)
	at com.alibaba.nacos.client.naming.NacosNamingService.getServicesOfServer(NacosNamingService.java:525)
	at org.springframework.cloud.alibaba.nacos.discovery.NacosWatch.nacosServicesWatch(NacosWatch.java:127)
	at org.springframework.scheduling.support.DelegatingErrorHandlingRunnable.run(DelegatingErrorHandlingRunnable.java:54)
	at java.util.concurrent.Executors$RunnableAdapter.call(Executors.java:511)
	at java.util.concurrent.FutureTask.runAndReset(FutureTask.java:308)
	at java.util.concurrent.ScheduledThreadPoolExecutor$ScheduledFutureTask.access$301(ScheduledThreadPoolExecutor.java:180)
	at java.util.concurrent.ScheduledThreadPoolExecutor$ScheduledFutureTask.run(ScheduledThreadPoolExecutor.java:294)
	at java.util.concurrent.ThreadPoolExecutor.runWorker(ThreadPoolExecutor.java:1149)
	at java.util.concurrent.ThreadPoolExecutor$Worker.run(ThreadPoolExecutor.java:624)
	at java.lang.Thread.run(Thread.java:748)
2022-07-23 11:59:09.063 [main] ERROR o.s.b.diagnostics.LoggingFailureAnalysisReporter - 

***************************
APPLICATION FAILED TO START
***************************

Description:

Web server failed to start. Port 8003 was already in use.

Action:

Identify and stop the process that's listening on port 8003 or configure this application to listen on another port.

2022-07-23 23:46:55.572 [SpringContextShutdownHook] ERROR o.s.c.alibaba.nacos.registry.NacosServiceRegistry - ERR_NACOS_DEREGISTER, de-register failed...NacosRegistration{nacosDiscoveryProperties=NacosDiscoveryProperties{serverAddr='127.0.0.1:8848', endpoint='', namespace='', watchDelay=30000, logName='', service='service-vod', weight=1.0, clusterName='DEFAULT', namingLoadCacheAtStart='false', metadata={preserved.register.source=SPRING_CLOUD}, registerEnabled=true, ip='192.168.0.103', networkInterface='', port=8003, secure=false, accessKey='', secretKey=''}},
java.lang.IllegalStateException: failed to req API:/nacos/v1/ns/instance after all servers([127.0.0.1:8848]) tried: failed to req API:http://127.0.0.1:8848/nacos/v1/ns/instance. code:500 msg: java.net.ConnectException: Connection refused: connect
	at com.alibaba.nacos.client.naming.net.NamingProxy.reqAPI(NamingProxy.java:380)
	at com.alibaba.nacos.client.naming.net.NamingProxy.reqAPI(NamingProxy.java:304)
	at com.alibaba.nacos.client.naming.net.NamingProxy.deregisterService(NamingProxy.java:203)
	at com.alibaba.nacos.client.naming.NacosNamingService.deregisterInstance(NacosNamingService.java:329)
	at com.alibaba.nacos.client.naming.NacosNamingService.deregisterInstance(NacosNamingService.java:323)
	at com.alibaba.nacos.client.naming.NacosNamingService.deregisterInstance(NacosNamingService.java:313)
	at org.springframework.cloud.alibaba.nacos.registry.NacosServiceRegistry.deregister(NacosServiceRegistry.java:87)
	at org.springframework.cloud.client.serviceregistry.AbstractAutoServiceRegistration.deregister(AbstractAutoServiceRegistration.java:256)
	at org.springframework.cloud.client.serviceregistry.AbstractAutoServiceRegistration.stop(AbstractAutoServiceRegistration.java:271)
	at org.springframework.cloud.client.serviceregistry.AbstractAutoServiceRegistration.destroy(AbstractAutoServiceRegistration.java:208)
	at sun.reflect.NativeMethodAccessorImpl.invoke0(Native Method)
	at sun.reflect.NativeMethodAccessorImpl.invoke(NativeMethodAccessorImpl.java:62)
	at sun.reflect.DelegatingMethodAccessorImpl.invoke(DelegatingMethodAccessorImpl.java:43)
	at java.lang.reflect.Method.invoke(Method.java:498)
	at org.springframework.beans.factory.annotation.InitDestroyAnnotationBeanPostProcessor$LifecycleElement.invoke(InitDestroyAnnotationBeanPostProcessor.java:389)
	at org.springframework.beans.factory.annotation.InitDestroyAnnotationBeanPostProcessor$LifecycleMetadata.invokeDestroyMethods(InitDestroyAnnotationBeanPostProcessor.java:347)
	at org.springframework.beans.factory.annotation.InitDestroyAnnotationBeanPostProcessor.postProcessBeforeDestruction(InitDestroyAnnotationBeanPostProcessor.java:177)
	at org.springframework.beans.factory.support.DisposableBeanAdapter.destroy(DisposableBeanAdapter.java:242)
	at org.springframework.beans.factory.support.DefaultSingletonBeanRegistry.destroyBean(DefaultSingletonBeanRegistry.java:571)
	at org.springframework.beans.factory.support.DefaultSingletonBeanRegistry.destroySingleton(DefaultSingletonBeanRegistry.java:543)
	at org.springframework.beans.factory.support.DefaultListableBeanFactory.destroySingleton(DefaultListableBeanFactory.java:1072)
	at org.springframework.beans.factory.support.DefaultSingletonBeanRegistry.destroySingletons(DefaultSingletonBeanRegistry.java:504)
	at org.springframework.beans.factory.support.DefaultListableBeanFactory.destroySingletons(DefaultListableBeanFactory.java:1065)
	at org.springframework.context.support.AbstractApplicationContext.destroyBeans(AbstractApplicationContext.java:1060)
	at org.springframework.context.support.AbstractApplicationContext.doClose(AbstractApplicationContext.java:1029)
	at org.springframework.context.support.AbstractApplicationContext$1.run(AbstractApplicationContext.java:948)
